Flat profile:

Each sample counts as 0.01 seconds.
  %   cumulative   self              self     total           
 time   seconds   seconds    calls  ms/call  ms/call  name    
 31.25      0.05     0.05   101447     0.00     0.00  possibleMoves
 12.50      0.07     0.02   159711     0.00     0.00  createResult
 12.50      0.09     0.02   101455     0.00     0.00  isNotEnded
 12.50      0.11     0.02    87053     0.00     0.00  destroyMovesArray
  6.25      0.12     0.01  1227006     0.00     0.00  createNimply
  6.25      0.13     0.01  1140439     0.00     0.00  destroyNimply
  6.25      0.14     0.01   174106     0.00     0.00  createStackEntry
  6.25      0.15     0.01    87053     0.00     0.00  createResultArray
  6.25      0.16     0.01    87052     0.00     0.00  resultArrayPush
  0.00      0.16     0.00   174106     0.00     0.00  stackPop
  0.00      0.16     0.00   174106     0.00     0.00  stackPush
  0.00      0.16     0.00   159712     0.00     0.00  destroyResult
  0.00      0.16     0.00    87054     0.00     0.00  destroyNim
  0.00      0.16     0.00    87054     0.00     0.00  nimming
  0.00      0.16     0.00    87053     0.00     0.00  deepcopyNim
  0.00      0.16     0.00     7200     0.00     0.00  minResultArray
  0.00      0.16     0.00     7194     0.00     0.00  maxResultArray
  0.00      0.16     0.00        3     0.00     0.00  printNim
  0.00      0.16     0.00        1     0.00     0.00  createNim
  0.00      0.16     0.00        1     0.00     0.00  createStack
  0.00      0.16     0.00        1     0.00     0.00  destroyStack
  0.00      0.16     0.00        1     0.00   160.00  minmax
  0.00      0.16     0.00        1     0.00     0.00  randomStrategy

			Call graph


granularity: each sample hit covers 4 byte(s) for 6.25% of 0.16 seconds

index % time    self  children    called     name
                                                 <spontaneous>
[1]    100.0    0.00    0.16                 main [1]
                0.00    0.16       1/1           minmax [2]
                0.00    0.00       1/1           randomStrategy [13]
                0.00    0.00       3/101455      isNotEnded [6]
                0.00    0.00       1/1140439     destroyNimply [8]
                0.00    0.00       2/3           printNim [21]
                0.00    0.00       1/1           createNim [22]
                0.00    0.00       1/87054       nimming [17]
                0.00    0.00       1/87054       destroyNim [16]
-----------------------------------------------
                0.00    0.16       1/1           main [1]
[2]    100.0    0.00    0.16       1         minmax [2]
                0.05    0.01  101446/101447      possibleMoves [3]
                0.02    0.01   87052/87053       destroyMovesArray [4]
                0.02    0.00  159711/159711      createResult [5]
                0.02    0.00  101452/101455      isNotEnded [6]
                0.01    0.00  174106/174106      createStackEntry [9]
                0.01    0.00   87053/87053       createResultArray [10]
                0.01    0.00   87052/87052       resultArrayPush [11]
                0.00    0.00  159712/159712      destroyResult [12]
                0.00    0.00  174106/174106      stackPush [15]
                0.00    0.00  174106/174106      stackPop [14]
                0.00    0.00   87053/87053       deepcopyNim [18]
                0.00    0.00   87053/87054       destroyNim [16]
                0.00    0.00   87052/87054       nimming [17]
                0.00    0.00    7200/7200        minResultArray [19]
                0.00    0.00    7194/7194        maxResultArray [20]
                0.00    0.00       1/1           createStack [23]
                0.00    0.00       1/1           destroyStack [24]
-----------------------------------------------
                0.00    0.00       1/101447      randomStrategy [13]
                0.05    0.01  101446/101447      minmax [2]
[3]     37.5    0.05    0.01  101447         possibleMoves [3]
                0.01    0.00 1227006/1227006     createNimply [7]
-----------------------------------------------
                0.00    0.00       1/87053       randomStrategy [13]
                0.02    0.01   87052/87053       minmax [2]
[4]     18.3    0.02    0.01   87053         destroyMovesArray [4]
                0.01    0.00 1060102/1140439     destroyNimply [8]
-----------------------------------------------
                0.02    0.00  159711/159711      minmax [2]
[5]     12.5    0.02    0.00  159711         createResult [5]
-----------------------------------------------
                0.00    0.00       3/101455      main [1]
                0.02    0.00  101452/101455      minmax [2]
[6]     12.5    0.02    0.00  101455         isNotEnded [6]
-----------------------------------------------
                0.01    0.00 1227006/1227006     possibleMoves [3]
[7]      6.2    0.01    0.00 1227006         createNimply [7]
-----------------------------------------------
                0.00    0.00       1/1140439     main [1]
                0.00    0.00   80336/1140439     destroyResult [12]
                0.01    0.00 1060102/1140439     destroyMovesArray [4]
[8]      6.2    0.01    0.00 1140439         destroyNimply [8]
-----------------------------------------------
                0.01    0.00  174106/174106      minmax [2]
[9]      6.2    0.01    0.00  174106         createStackEntry [9]
-----------------------------------------------
                0.01    0.00   87053/87053       minmax [2]
[10]     6.2    0.01    0.00   87053         createResultArray [10]
-----------------------------------------------
                0.01    0.00   87052/87052       minmax [2]
[11]     6.2    0.01    0.00   87052         resultArrayPush [11]
-----------------------------------------------
                0.00    0.00  159712/159712      minmax [2]
[12]     0.4    0.00    0.00  159712         destroyResult [12]
                0.00    0.00   80336/1140439     destroyNimply [8]
-----------------------------------------------
                0.00    0.00       1/1           main [1]
[13]     0.0    0.00    0.00       1         randomStrategy [13]
                0.00    0.00       1/101447      possibleMoves [3]
                0.00    0.00       1/87053       destroyMovesArray [4]
                0.00    0.00       1/87054       nimming [17]
                0.00    0.00       1/3           printNim [21]
-----------------------------------------------
                0.00    0.00  174106/174106      minmax [2]
[14]     0.0    0.00    0.00  174106         stackPop [14]
-----------------------------------------------
                0.00    0.00  174106/174106      minmax [2]
[15]     0.0    0.00    0.00  174106         stackPush [15]
-----------------------------------------------
                0.00    0.00       1/87054       main [1]
                0.00    0.00   87053/87054       minmax [2]
[16]     0.0    0.00    0.00   87054         destroyNim [16]
-----------------------------------------------
                0.00    0.00       1/87054       main [1]
                0.00    0.00       1/87054       randomStrategy [13]
                0.00    0.00   87052/87054       minmax [2]
[17]     0.0    0.00    0.00   87054         nimming [17]
-----------------------------------------------
                0.00    0.00   87053/87053       minmax [2]
[18]     0.0    0.00    0.00   87053         deepcopyNim [18]
-----------------------------------------------
                0.00    0.00    7200/7200        minmax [2]
[19]     0.0    0.00    0.00    7200         minResultArray [19]
-----------------------------------------------
                0.00    0.00    7194/7194        minmax [2]
[20]     0.0    0.00    0.00    7194         maxResultArray [20]
-----------------------------------------------
                0.00    0.00       1/3           randomStrategy [13]
                0.00    0.00       2/3           main [1]
[21]     0.0    0.00    0.00       3         printNim [21]
-----------------------------------------------
                0.00    0.00       1/1           main [1]
[22]     0.0    0.00    0.00       1         createNim [22]
-----------------------------------------------
                0.00    0.00       1/1           minmax [2]
[23]     0.0    0.00    0.00       1         createStack [23]
-----------------------------------------------
                0.00    0.00       1/1           minmax [2]
[24]     0.0    0.00    0.00       1         destroyStack [24]
-----------------------------------------------

Index by function name

  [22] createNim              [16] destroyNim             [17] nimming
   [7] createNimply            [8] destroyNimply           [3] possibleMoves
   [5] createResult           [12] destroyResult          [21] printNim
  [10] createResultArray      [24] destroyStack           [13] randomStrategy
  [23] createStack             [6] isNotEnded             [11] resultArrayPush
   [9] createStackEntry       [20] maxResultArray         [14] stackPop
  [18] deepcopyNim            [19] minResultArray         [15] stackPush
   [4] destroyMovesArray       [2] minmax
