==16565== NVPROF is profiling process 16565, command: ./v3.out
==16565== Some kernel(s) will be replayed on device 0 in order to collect all events/metrics.
==16565== Profiling application: ./v3.out
==16565== Profiling result:
==16565== Event result:
Invocations                                Event Name         Min         Max         Avg       Total
Device "NVIDIA Tegra X1 (0)"
    Kernel: GPU_minmax(unsigned int, unsigned int, unsigned char*, unsigned char, unsigned char*)
          1                 tex0_cache_sector_queries   738432030   738432030   738432030   738432030
          1                 tex1_cache_sector_queries   697324859   697324859   697324859   697324859
          1                  tex0_cache_sector_misses   538707633   538707633   538707633   538707633
          1                  tex1_cache_sector_misses   499363697   499363697   499363697   499363697
          1              l2_subp0_write_sector_misses    37336618    37336618    37336618    37336618
          1              l2_subp1_write_sector_misses    39755375    39755375    39755375    39755375
          1               l2_subp0_read_sector_misses    18264535    18264535    18264535    18264535
          1               l2_subp1_read_sector_misses    18264535    18264535    18264535    18264535
          1          l2_subp0_read_tex_sector_queries   296391434   296391434   296391434   296391434
          1          l2_subp1_read_tex_sector_queries   312096266   312096266   312096266   312096266
          1         l2_subp0_write_tex_sector_queries   141271661   141271661   141271661   141271661
          1         l2_subp1_write_tex_sector_queries   148010346   148010346   148010346   148010346
          1             l2_subp0_read_tex_hit_sectors   285873867   285873867   285873867   285873867
          1             l2_subp1_read_tex_hit_sectors   295685093   295685093   295685093   295685093
          1            l2_subp0_write_tex_hit_sectors   141949334   141949334   141949334   141949334
          1            l2_subp1_write_tex_hit_sectors   147328561   147328561   147328561   147328561
          1        l2_subp0_total_read_sector_queries   300532746   300532746   300532746   300532746
          1        l2_subp1_total_read_sector_queries   306160209   306160209   306160209   306160209
          1       l2_subp0_total_write_sector_queries   143989716   143989716   143989716   143989716
          1       l2_subp1_total_write_sector_queries   149395719   149395719   149395719   149395719
          1       l2_subp0_read_sysmem_sector_queries           0           0           0           0
          1       l2_subp1_read_sysmem_sector_queries           0           0           0           0
          1      l2_subp0_write_sysmem_sector_queries           0           0           0           0
          1      l2_subp1_write_sysmem_sector_queries           0           0           0           0
          1                         elapsed_cycles_sm  2489103585  2489103585  2489103585  2489103585
          1                             gld_inst_8bit          25          25          25          25
          1                            gld_inst_16bit           0           0           0           0
          1                            gld_inst_32bit    29406150    29406150    29406150    29406150
          1                            gld_inst_64bit           0           0           0           0
          1                           gld_inst_128bit           0           0           0           0
          1                             gst_inst_8bit          26          26          26          26
          1                            gst_inst_16bit           0           0           0           0
          1                            gst_inst_32bit    29449982    29449982    29449982    29449982
          1                            gst_inst_64bit           0           0           0           0
          1                           gst_inst_128bit           0           0           0           0
          1                           prof_trigger_00           0           0           0           0
          1                           prof_trigger_01           0           0           0           0
          1                           prof_trigger_02           0           0           0           0
          1                           prof_trigger_03           0           0           0           0
          1                           prof_trigger_04           0           0           0           0
          1                           prof_trigger_05           0           0           0           0
          1                           prof_trigger_06           0           0           0           0
          1                           prof_trigger_07           0           0           0           0
          1                            warps_launched         500         500         500         500
          1                              inst_issued0  8390058985  8390058985  8390058985  8390058985
          1                              inst_issued1  1363494426  1363494426  1363494426  1363494426
          1                              inst_issued2   144082380   144082380   144082380   144082380
          1                             inst_executed  1651609189  1651609189  1651609189  1651609189
          1                      thread_inst_executed  1.2704e+10  1.2704e+10  1.2704e+10  1.2704e+10
          1   not_predicated_off_thread_inst_executed  1.2085e+10  1.2085e+10  1.2085e+10  1.2085e+10
          1                               local_store    25337044    25337044    25337044    25337044
          1                                local_load    79653913    79653913    79653913    79653913
          1                               shared_load        2464        2464        2464        2464
          1                              shared_store         682         682         682         682
          1                           shared_atom_cas           0           0           0           0
          1                               shared_atom           0           0           0           0
          1                           global_atom_cas           0           0           0           0
          1                                atom_count           0           0           0           0
          1                                gred_count           0           0           0           0
          1                               global_load          25          25          25          25
          1                              global_store          51          51          51          51
          1                          divergent_branch    11439536    11439536    11439536    11439536
          1                                    branch   284891023   284891023   284891023   284891023
          1                             active_cycles  2489102046  2489102046  2489102046  2489102046
          1                              active_warps  6.7587e+10  6.7587e+10  6.7587e+10  6.7587e+10
          1                               active_ctas  5127438440  5127438440  5127438440  5127438440
          1                           sm_cta_launched          25          25          25          25
          1                   shared_ld_bank_conflict         588         588         588         588
          1                   shared_st_bank_conflict         855         855         855         855
          1                    shared_ld_transactions        4142        4142        4142        4142
          1                    shared_st_transactions        2572        2572        2572        2572
