Flat profile:

Each sample counts as 0.01 seconds.
  %   cumulative   self              self     total           
 time   seconds   seconds    calls   s/call   s/call  name    
 26.59      1.34     1.34  2511100     0.00     0.00  possibleMoves
 20.83      2.39     1.05  2362660     0.00     0.00  destroyMovesArray
 20.04      3.40     1.01 79516976     0.00     0.00  createNimply
  6.94      3.75     0.35        1     0.35     5.04  minmax
  5.75      4.04     0.29 77156373     0.00     0.00  destroyNimply
  5.75      4.33     0.29  2362660     0.00     0.00  deepcopyNim
  2.98      4.48     0.15  4725320     0.00     0.00  createStackEntry
  2.18      4.59     0.11  4725320     0.00     0.00  stackPush
  1.98      4.69     0.10  2511102     0.00     0.00  isNotEnded
  1.59      4.77     0.08  2362659     0.00     0.00  resultArrayPush
  1.19      4.83     0.06  4576879     0.00     0.00  createResult
  1.19      4.89     0.06  2362660     0.00     0.00  createResultArray
  0.79      4.93     0.04  4725320     0.00     0.00  stackPop
  0.79      4.97     0.04    74220     0.00     0.00  maxResultArray
  0.60      5.00     0.03  4576880     0.00     0.00  destroyResult
  0.60      5.03     0.03  2362661     0.00     0.00  nimming
  0.20      5.04     0.01  2362661     0.00     0.00  destroyNim
  0.00      5.04     0.00    74220     0.00     0.00  minResultArray
  0.00      5.04     0.00        3     0.00     0.00  printNim
  0.00      5.04     0.00        1     0.00     0.00  createNim
  0.00      5.04     0.00        1     0.00     0.00  createStack
  0.00      5.04     0.00        1     0.00     0.00  destroyStack
  0.00      5.04     0.00        1     0.00     0.00  randomStrategy

			Call graph


granularity: each sample hit covers 4 byte(s) for 0.20% of 5.04 seconds

index % time    self  children    called     name
                                                 <spontaneous>
[1]    100.0    0.00    5.04                 main [1]
                0.35    4.69       1/1           minmax [2]
                0.00    0.00       1/1           randomStrategy [19]
                0.00    0.00       3/2511102     isNotEnded [10]
                0.00    0.00       1/2362661     nimming [17]
                0.00    0.00       1/2362661     destroyNim [18]
                0.00    0.00       1/77156373     destroyNimply [6]
                0.00    0.00       2/3           printNim [21]
                0.00    0.00       1/1           createNim [22]
-----------------------------------------------
                0.35    4.69       1/1           main [1]
[2]    100.0    0.35    4.69       1         minmax [2]
                1.34    1.01 2511099/2511100     possibleMoves [3]
                1.05    0.28 2362659/2362660     destroyMovesArray [4]
                0.29    0.00 2362660/2362660     deepcopyNim [7]
                0.15    0.00 4725320/4725320     createStackEntry [8]
                0.11    0.00 4725320/4725320     stackPush [9]
                0.10    0.00 2511099/2511102     isNotEnded [10]
                0.08    0.00 2362659/2362659     resultArrayPush [11]
                0.06    0.00 4576879/4576879     createResult [12]
                0.06    0.00 2362660/2362660     createResultArray [13]
                0.04    0.00 4725320/4725320     stackPop [14]
                0.04    0.00   74220/74220       maxResultArray [15]
                0.03    0.01 4576880/4576880     destroyResult [16]
                0.03    0.00 2362659/2362661     nimming [17]
                0.01    0.00 2362660/2362661     destroyNim [18]
                0.00    0.00   74220/74220       minResultArray [20]
                0.00    0.00       1/1           createStack [23]
                0.00    0.00       1/1           destroyStack [24]
-----------------------------------------------
                0.00    0.00       1/2511100     randomStrategy [19]
                1.34    1.01 2511099/2511100     minmax [2]
[3]     46.6    1.34    1.01 2511100         possibleMoves [3]
                1.01    0.00 79516976/79516976     createNimply [5]
-----------------------------------------------
                0.00    0.00       1/2362660     randomStrategy [19]
                1.05    0.28 2362659/2362660     minmax [2]
[4]     26.4    1.05    0.28 2362660         destroyMovesArray [4]
                0.28    0.00 74865878/77156373     destroyNimply [6]
-----------------------------------------------
                1.01    0.00 79516976/79516976     possibleMoves [3]
[5]     20.0    1.01    0.00 79516976         createNimply [5]
-----------------------------------------------
                0.00    0.00       1/77156373     main [1]
                0.01    0.00 2290494/77156373     destroyResult [16]
                0.28    0.00 74865878/77156373     destroyMovesArray [4]
[6]      5.8    0.29    0.00 77156373         destroyNimply [6]
-----------------------------------------------
                0.29    0.00 2362660/2362660     minmax [2]
[7]      5.8    0.29    0.00 2362660         deepcopyNim [7]
-----------------------------------------------
                0.15    0.00 4725320/4725320     minmax [2]
[8]      3.0    0.15    0.00 4725320         createStackEntry [8]
-----------------------------------------------
                0.11    0.00 4725320/4725320     minmax [2]
[9]      2.2    0.11    0.00 4725320         stackPush [9]
-----------------------------------------------
                0.00    0.00       3/2511102     main [1]
                0.10    0.00 2511099/2511102     minmax [2]
[10]     2.0    0.10    0.00 2511102         isNotEnded [10]
-----------------------------------------------
                0.08    0.00 2362659/2362659     minmax [2]
[11]     1.6    0.08    0.00 2362659         resultArrayPush [11]
-----------------------------------------------
                0.06    0.00 4576879/4576879     minmax [2]
[12]     1.2    0.06    0.00 4576879         createResult [12]
-----------------------------------------------
                0.06    0.00 2362660/2362660     minmax [2]
[13]     1.2    0.06    0.00 2362660         createResultArray [13]
-----------------------------------------------
                0.04    0.00 4725320/4725320     minmax [2]
[14]     0.8    0.04    0.00 4725320         stackPop [14]
-----------------------------------------------
                0.04    0.00   74220/74220       minmax [2]
[15]     0.8    0.04    0.00   74220         maxResultArray [15]
-----------------------------------------------
                0.03    0.01 4576880/4576880     minmax [2]
[16]     0.8    0.03    0.01 4576880         destroyResult [16]
                0.01    0.00 2290494/77156373     destroyNimply [6]
-----------------------------------------------
                0.00    0.00       1/2362661     main [1]
                0.00    0.00       1/2362661     randomStrategy [19]
                0.03    0.00 2362659/2362661     minmax [2]
[17]     0.6    0.03    0.00 2362661         nimming [17]
-----------------------------------------------
                0.00    0.00       1/2362661     main [1]
                0.01    0.00 2362660/2362661     minmax [2]
[18]     0.2    0.01    0.00 2362661         destroyNim [18]
-----------------------------------------------
                0.00    0.00       1/1           main [1]
[19]     0.0    0.00    0.00       1         randomStrategy [19]
                0.00    0.00       1/2511100     possibleMoves [3]
                0.00    0.00       1/2362660     destroyMovesArray [4]
                0.00    0.00       1/2362661     nimming [17]
                0.00    0.00       1/3           printNim [21]
-----------------------------------------------
                0.00    0.00   74220/74220       minmax [2]
[20]     0.0    0.00    0.00   74220         minResultArray [20]
-----------------------------------------------
                0.00    0.00       1/3           randomStrategy [19]
                0.00    0.00       2/3           main [1]
[21]     0.0    0.00    0.00       3         printNim [21]
-----------------------------------------------
                0.00    0.00       1/1           main [1]
[22]     0.0    0.00    0.00       1         createNim [22]
-----------------------------------------------
                0.00    0.00       1/1           minmax [2]
[23]     0.0    0.00    0.00       1         createStack [23]
-----------------------------------------------
                0.00    0.00       1/1           minmax [2]
[24]     0.0    0.00    0.00       1         destroyStack [24]
-----------------------------------------------

Index by function name

  [22] createNim              [18] destroyNim             [17] nimming
   [5] createNimply            [6] destroyNimply           [3] possibleMoves
  [12] createResult           [16] destroyResult          [21] printNim
  [13] createResultArray      [24] destroyStack           [19] randomStrategy
  [23] createStack            [10] isNotEnded             [11] resultArrayPush
   [8] createStackEntry       [15] maxResultArray         [14] stackPop
   [7] deepcopyNim            [20] minResultArray          [9] stackPush
   [4] destroyMovesArray       [2] minmax
