==17185== NVPROF is profiling process 17185, command: ./v2.out
==17185== Some kernel(s) will be replayed on device 0 in order to collect all events/metrics.
==17185== Profiling application: ./v2.out
==17185== Profiling result:
==17185== Event result:
Invocations                                Event Name         Min         Max         Avg       Total
Device "NVIDIA Tegra X1 (0)"
    Kernel: GPU_minmax(unsigned int, unsigned int, unsigned char*, unsigned char, unsigned char*)
          1                 tex0_cache_sector_queries    69707179    69707179    69707179    69707179
          1                 tex1_cache_sector_queries    49733165    49733165    49733165    49733165
          1                  tex0_cache_sector_misses    48978757    48978757    48978757    48978757
          1                  tex1_cache_sector_misses    35205337    35205337    35205337    35205337
          1              l2_subp0_write_sector_misses     1530277     1530277     1530277     1530277
          1              l2_subp1_write_sector_misses     1065512     1065512     1065512     1065512
          1               l2_subp0_read_sector_misses      705290      705290      705290      705290
          1               l2_subp1_read_sector_misses      705290      705290      705290      705290
          1          l2_subp0_read_tex_sector_queries    27433370    27433370    27433370    27433370
          1          l2_subp1_read_tex_sector_queries    21469968    21469968    21469968    21469968
          1         l2_subp0_write_tex_sector_queries    12515610    12515610    12515610    12515610
          1         l2_subp1_write_tex_sector_queries    11301562    11301562    11301562    11301562
          1             l2_subp0_read_tex_hit_sectors    25922074    25922074    25922074    25922074
          1             l2_subp1_read_tex_hit_sectors    22760041    22760041    22760041    22760041
          1            l2_subp0_write_tex_hit_sectors    12120842    12120842    12120842    12120842
          1            l2_subp1_write_tex_hit_sectors    11693856    11693856    11693856    11693856
          1        l2_subp0_total_read_sector_queries    25551943    25551943    25551943    25551943
          1        l2_subp1_total_read_sector_queries    23901699    23901699    23901699    23901699
          1       l2_subp0_total_write_sector_queries    12512010    12512010    12512010    12512010
          1       l2_subp1_total_write_sector_queries    11347651    11347651    11347651    11347651
          1       l2_subp0_read_sysmem_sector_queries           0           0           0           0
          1       l2_subp1_read_sysmem_sector_queries           0           0           0           0
          1      l2_subp0_write_sysmem_sector_queries           0           0           0           0
          1      l2_subp1_write_sysmem_sector_queries           0           0           0           0
          1                         elapsed_cycles_sm   197106626   197106626   197106626   197106626
          1                             gld_inst_8bit          25          25          25          25
          1                            gld_inst_16bit           0           0           0           0
          1                            gld_inst_32bit     2773826     2773826     2773826     2773826
          1                            gld_inst_64bit           0           0           0           0
          1                           gld_inst_128bit           0           0           0           0
          1                             gst_inst_8bit          26          26          26          26
          1                            gst_inst_16bit           0           0           0           0
          1                            gst_inst_32bit     2773826     2773826     2773826     2773826
          1                            gst_inst_64bit           0           0           0           0
          1                           gst_inst_128bit           0           0           0           0
          1                           prof_trigger_00           0           0           0           0
          1                           prof_trigger_01           0           0           0           0
          1                           prof_trigger_02           0           0           0           0
          1                           prof_trigger_03           0           0           0           0
          1                           prof_trigger_04           0           0           0           0
          1                           prof_trigger_05           0           0           0           0
          1                           prof_trigger_06           0           0           0           0
          1                           prof_trigger_07           0           0           0           0
          1                            warps_launched          25          25          25          25
          1                              inst_issued0   553733246   553733246   553733246   553733246
          1                              inst_issued1   131500235   131500235   131500235   131500235
          1                              inst_issued2    13424718    13424718    13424718    13424718
          1                             inst_executed   158346318   158346318   158346318   158346318
          1                      thread_inst_executed  1203719552  1203719552  1203719552  1203719552
          1   not_predicated_off_thread_inst_executed  1143144442  1143144442  1143144442  1143144442
          1                               local_store     2337124     2337124     2337124     2337124
          1                                local_load     7347748     7347748     7347748     7347748
          1                               shared_load         200         200         200         200
          1                              shared_store         225         225         225         225
          1                           shared_atom_cas           0           0           0           0
          1                               shared_atom           0           0           0           0
          1                           global_atom_cas           0           0           0           0
          1                                atom_count           0           0           0           0
          1                                gred_count           0           0           0           0
          1                               global_load          50          50          50          50
          1                              global_store          51          51          51          51
          1                          divergent_branch     1188070     1188070     1188070     1188070
          1                                    branch    27631617    27631617    27631617    27631617
          1                             active_cycles   197105031   197105031   197105031   197105031
          1                              active_warps  3223172228  3223172228  3223172228  3223172228
          1                               active_ctas  3222476785  3222476785  3222476785  3222476785
          1                           sm_cta_launched          25          25          25          25
          1                   shared_ld_bank_conflict           0           0           0           0
          1                   shared_st_bank_conflict           0           0           0           0
          1                    shared_ld_transactions         755         755         755         755
          1                    shared_st_transactions         780         780         780         780
