==20764== NVPROF is profiling process 20764, command: ./v3.out
==20764== Some kernel(s) will be replayed on device 0 in order to collect all events/metrics.
==20764== Profiling application: ./v3.out
==20764== Profiling result:
==20764== Event result:
Invocations                                Event Name         Min         Max         Avg       Total
Device "NVIDIA Tegra X1 (0)"
    Kernel: GPU_minmax(unsigned int, unsigned int, unsigned char*, unsigned char*, unsigned char, unsigned char*)
          1                 tex0_cache_sector_queries    49733165    49733165    49733165    49733165
          1                 tex1_cache_sector_queries    69707207    69707207    69707207    69707207
          1                  tex0_cache_sector_misses    35222055    35222055    35222055    35222055
          1                  tex1_cache_sector_misses    49006120    49006120    49006120    49006120
          1              l2_subp0_write_sector_misses     1342344     1342344     1342344     1342344
          1              l2_subp1_write_sector_misses     1563261     1563261     1563261     1563261
          1               l2_subp0_read_sector_misses      209150      209150      209150      209150
          1               l2_subp1_read_sector_misses      209150      209150      209150      209150
          1          l2_subp0_read_tex_sector_queries    22006111    22006111    22006111    22006111
          1          l2_subp1_read_tex_sector_queries    26946447    26946447    26946447    26946447
          1         l2_subp0_write_tex_sector_queries    11927875    11927875    11927875    11927875
          1         l2_subp1_write_tex_sector_queries    11876850    11876850    11876850    11876850
          1             l2_subp0_read_tex_hit_sectors    21904456    21904456    21904456    21904456
          1             l2_subp1_read_tex_hit_sectors    26738235    26738235    26738235    26738235
          1            l2_subp0_write_tex_hit_sectors    11693588    11693588    11693588    11693588
          1            l2_subp1_write_tex_hit_sectors    12112173    12112173    12112173    12112173
          1        l2_subp0_total_read_sector_queries    22040843    22040843    22040843    22040843
          1        l2_subp1_total_read_sector_queries    27428069    27428069    27428069    27428069
          1       l2_subp0_total_write_sector_queries    11697069    11697069    11697069    11697069
          1       l2_subp1_total_write_sector_queries    12115393    12115393    12115393    12115393
          1       l2_subp0_read_sysmem_sector_queries           0           0           0           0
          1       l2_subp1_read_sysmem_sector_queries           0           0           0           0
          1      l2_subp0_write_sysmem_sector_queries           0           0           0           0
          1      l2_subp1_write_sysmem_sector_queries           0           0           0           0
          1                         elapsed_cycles_sm   202796076   202796076   202796076   202796076
          1                             gld_inst_8bit          52          52          52          52
          1                            gld_inst_16bit           0           0           0           0
          1                            gld_inst_32bit     2773826     2773826     2773826     2773826
          1                            gld_inst_64bit           0           0           0           0
          1                           gld_inst_128bit           0           0           0           0
          1                             gst_inst_8bit          27          27          27          27
          1                            gst_inst_16bit           0           0           0           0
          1                            gst_inst_32bit     2773826     2773826     2773826     2773826
          1                            gst_inst_64bit           0           0           0           0
          1                           gst_inst_128bit           0           0           0           0
          1                           prof_trigger_00           0           0           0           0
          1                           prof_trigger_01           0           0           0           0
          1                           prof_trigger_02           0           0           0           0
          1                           prof_trigger_03           0           0           0           0
          1                           prof_trigger_04           0           0           0           0
          1                           prof_trigger_05           0           0           0           0
          1                           prof_trigger_06           0           0           0           0
          1                           prof_trigger_07           0           0           0           0
          1                            warps_launched          25          25          25          25
          1                              inst_issued0   574660697   574660697   574660697   574660697
          1                              inst_issued1   131500722   131500722   131500722   131500722
          1                              inst_issued2    13424707    13424707    13424707    13424707
          1                             inst_executed   158346743   158346743   158346743   158346743
          1                      thread_inst_executed  1203719976  1203719976  1203719976  1203719976
          1   not_predicated_off_thread_inst_executed  1143144862  1143144862  1143144862  1143144862
          1                               local_store     2337124     2337124     2337124     2337124
          1                                local_load     7347748     7347748     7347748     7347748
          1                               shared_load         200         200         200         200
          1                              shared_store         225         225         225         225
          1                           shared_atom_cas           0           0           0           0
          1                               shared_atom           0           0           0           0
          1                           global_atom_cas           0           0           0           0
          1                                atom_count           0           0           0           0
          1                                gred_count           0           0           0           0
          1                               global_load          50          50          50          50
          1                              global_store          52          52          52          52
          1                          divergent_branch     1188070     1188070     1188070     1188070
          1                                    branch    27631647    27631647    27631647    27631647
          1                             active_cycles   202794477   202794477   202794477   202794477
          1                              active_warps  3373001240  3373001240  3373001240  3373001240
          1                               active_ctas  3372780992  3372780992  3372780992  3372780992
          1                           sm_cta_launched          25          25          25          25
          1                   shared_ld_bank_conflict           0           0           0           0
          1                   shared_st_bank_conflict           0           0           0           0
          1                    shared_ld_transactions         755         755         755         755
          1                    shared_st_transactions         780         780         780         780
