==20752== NVPROF is profiling process 20752, command: ./v3.out
==20752== Some kernel(s) will be replayed on device 0 in order to collect all events/metrics.
==20752== Profiling application: ./v3.out
==20752== Profiling result:
==20752== Metric result:
Invocations                               Metric Name                                                    Metric Description         Min         Max         Avg
Device "NVIDIA Tegra X1 (0)"
    Kernel: GPU_minmax(unsigned int, unsigned int, unsigned char*, unsigned char*, unsigned char, unsigned char*)
          1                             sm_efficiency                                               Multiprocessor Activity     100.00%     100.00%     100.00%
          1                        achieved_occupancy                                                    Achieved Occupancy    0.259972    0.259972    0.259972
          1                                       ipc                                                          Executed IPC    0.781902    0.781902    0.781902
          1                                issued_ipc                                                            Issued IPC    0.780923    0.780923    0.780923
          1                             inst_per_warp                                                 Instructions per warp  6.3339e+06  6.3339e+06  6.3339e+06
          1                         branch_efficiency                                                     Branch Efficiency      95.70%      95.70%      95.70%
          1                 warp_execution_efficiency                                             Warp Execution Efficiency      23.76%      23.76%      23.76%
          1         warp_nonpred_execution_efficiency                              Warp Non-Predicated Execution Efficiency      22.56%      22.56%      22.56%
          1                      inst_replay_overhead                                           Instruction Replay Overhead    0.000022    0.000022    0.000022
          1                    issue_slot_utilization                                                Issue Slot Utilization      17.87%      17.87%      17.87%
          1      shared_load_transactions_per_request                           Shared Memory Load Transactions Per Request    0.967949    0.967949    0.967949
          1     shared_store_transactions_per_request                          Shared Memory Store Transactions Per Request    1.000000    1.000000    1.000000
          1       local_load_transactions_per_request                            Local Memory Load Transactions Per Request    5.500031    5.500031    5.500031
          1      local_store_transactions_per_request                           Local Memory Store Transactions Per Request    3.079035    3.079035    3.079035
          1              gst_transactions_per_request                                 Global Store Transactions Per Request    0.000084    0.000084    0.000084
          1                 shared_store_transactions                                             Shared Store Transactions         780         780         780
          1                  shared_load_transactions                                              Shared Load Transactions         755         755         755
          1                   local_load_transactions                                               Local Load Transactions    84159563    84159563    84159563
          1                  local_store_transactions                                              Local Store Transactions    23805734    23805734    23805734
          1                          gst_transactions                                             Global Store Transactions          27          27          27
          1                           global_hit_rate                                     Global Hit Rate in unified l1/tex      99.98%      99.98%      99.98%
          1                            local_hit_rate                                                        Local Hit Rate      41.90%      41.90%      41.90%
          1                  gld_requested_throughput                                      Requested Global Load Throughput  5.5213MB/s  5.5213MB/s  5.5213MB/s
          1                  gst_requested_throughput                                     Requested Global Store Throughput  5.5211MB/s  5.5211MB/s  5.5211MB/s
          1                            gld_throughput                                                Global Load Throughput  44.175MB/s  44.175MB/s  44.175MB/s
          1                            gst_throughput                                               Global Store Throughput  3.7939KB/s  3.7939KB/s  3.7930KB/s
          1                      tex_cache_throughput                                              Unified Cache Throughput  6.5493GB/s  6.5493GB/s  6.5493GB/s
          1                     local_load_throughput                                          Local Memory Load Throughput  11.279GB/s  11.279GB/s  11.279GB/s
          1                    local_store_throughput                                         Local Memory Store Throughput  3.1905GB/s  3.1905GB/s  3.1905GB/s
          1                    shared_load_throughput                                         Shared Memory Load Throughput  424.41KB/s  424.41KB/s  424.41KB/s
          1                   shared_store_throughput                                        Shared Memory Store Throughput  438.46KB/s  438.46KB/s  438.46KB/s
          1                            gld_efficiency                                         Global Memory Load Efficiency      12.50%      12.50%      12.50%
          1                            gst_efficiency                                        Global Memory Store Efficiency  149001.27%  149001.27%  149001.27%
          1                    tex_cache_transactions                                            Unified Cache Transactions    48867635    48867635    48867635
          1                         cf_fu_utilization                                Control-Flow Function Unit Utilization     Low (1)     Low (1)     Low (1)
          1                        tex_fu_utilization                                     Texture Function Unit Utilization     Low (2)     Low (2)     Low (2)
          1                       ldst_fu_utilization                                  Load/Store Function Unit Utilization     Low (1)     Low (1)     Low (1)
          1           double_precision_fu_utilization                            Double-Precision Function Unit Utilization    Idle (0)    Idle (0)    Idle (0)
          1                    special_fu_utilization                                     Special Function Unit Utilization    Idle (0)    Idle (0)    Idle (0)
          1           single_precision_fu_utilization                            Single-Precision Function Unit Utilization     Low (2)     Low (2)     Low (2)
          1                             flop_count_dp                           Floating Point Operations(Double Precision)           0           0           0
          1                         flop_count_dp_add                       Floating Point Operations(Double Precision Add)           0           0           0
          1                         flop_count_dp_fma                       Floating Point Operations(Double Precision FMA)           0           0           0
          1                         flop_count_dp_mul                       Floating Point Operations(Double Precision Mul)           0           0           0
          1                             flop_count_sp                           Floating Point Operations(Single Precision)           0           0           0
          1                         flop_count_sp_add                       Floating Point Operations(Single Precision Add)           0           0           0
          1                         flop_count_sp_fma                       Floating Point Operations(Single Precision FMA)           0           0           0
          1                         flop_count_sp_mul                        Floating Point Operation(Single Precision Mul)           0           0           0
          1                     flop_count_sp_special                   Floating Point Operations(Single Precision Special)           0           0           0
          1                             inst_executed                                                 Instructions Executed   158346743   158346743   158346743
          1                               inst_issued                                                   Instructions Issued   158350177   158350177   158350177
          1                           tex_utilization                                             Unified Cache Utilization     Low (2)     Low (2)     Low (2)
          1                         shared_efficiency                                              Shared Memory Efficiency       1.56%       1.56%       1.56%
          1                        shared_utilization                                             Shared Memory Utilization     Low (1)     Low (1)     Low (1)
          1                                inst_fp_32                                               FP Instructions(Single)           0           0           0
          1                                inst_fp_64                                               FP Instructions(Double)           0           0           0
          1                              inst_integer                                                  Integer Instructions   610784490   610784490   610784490
          1                          inst_bit_convert                                              Bit-Convert Instructions           0           0           0
          1                              inst_control                                             Control-Flow Instructions   168864862   168864862   168864862
          1                        inst_compute_ld_st                                               Load/Store Instructions   241594886   241594886   241594886
          1                                 inst_misc                                                     Misc Instructions   121900099   121900099   121900099
          1           inst_inter_thread_communication                                             Inter-Thread Instructions           0           0           0
          1                               issue_slots                                                           Issue Slots   144925466   144925466   144925466
          1                                 cf_issued                                      Issued Control-Flow Instructions    36723916    36723916    36723916
          1                               cf_executed                                    Executed Control-Flow Instructions    36723916    36723916    36723916
          1                               ldst_issued                                        Issued Load/Store Instructions    65718945    65718945    65718945
          1                             ldst_executed                                      Executed Load/Store Instructions    26541941    26541941    26541941
          1                       atomic_transactions                                                   Atomic Transactions           0           0           0
          1           atomic_transactions_per_request                                       Atomic Transactions Per Request    0.000000    0.000000    0.000000
          1                inst_executed_global_loads                              Warp level instructions for global loads      321913      321913      321913
          1                 inst_executed_local_loads                               Warp level instructions for local loads    15301652    15301652    15301652
          1                inst_executed_shared_loads                              Warp level instructions for shared loads         780         780         780
          1               inst_executed_surface_loads                             Warp level instructions for surface loads           0           0           0
          1               inst_executed_global_stores                             Warp level instructions for global stores      321888      321888      321888
          1                inst_executed_local_stores                              Warp level instructions for local stores     7731557     7731557     7731557
          1               inst_executed_shared_stores                             Warp level instructions for shared stores         780         780         780
          1              inst_executed_surface_stores                            Warp level instructions for surface stores           0           0           0
          1              inst_executed_global_atomics                  Warp level instructions for global atom and atom cas           0           0           0
          1           inst_executed_global_reductions                         Warp level instructions for global reductions           0           0           0
          1             inst_executed_surface_atomics                 Warp level instructions for surface atom and atom cas           0           0           0
          1          inst_executed_surface_reductions                        Warp level instructions for surface reductions           0           0           0
          1              inst_executed_shared_atomics                  Warp level shared instructions for atom and atom CAS           0           0           0
          1                     inst_executed_tex_ops                                   Warp level instructions for texture           0           0           0
          1                      l2_global_load_bytes       Bytes read from L2 for misses in Unified Cache for global loads        1664        1664        1664
          1                       l2_local_load_bytes        Bytes read from L2 for misses in Unified Cache for local loads  1564682464  1564682464  1564682464
          1                     l2_surface_load_bytes      Bytes read from L2 for misses in Unified Cache for surface loads           0           0           0
          1               l2_local_global_store_bytes   Bytes written to L2 from Unified Cache for local and global stores.   761784352   761784352   761784352
          1                 l2_global_reduction_bytes          Bytes written to L2 from Unified cache for global reductions           0           0           0
          1              l2_global_atomic_store_bytes             Bytes written to L2 from Unified cache for global atomics           0           0           0
          1                    l2_surface_store_bytes            Bytes written to L2 from Unified Cache for surface stores.           0           0           0
          1                l2_surface_reduction_bytes         Bytes written to L2 from Unified Cache for surface reductions           0           0           0
          1             l2_surface_atomic_store_bytes    Bytes transferred between Unified Cache and L2 for surface atomics           0           0           0
          1                      global_load_requests              Total number of global load requests from Multiprocessor          52          52          52
          1                       local_load_requests               Total number of local load requests from Multiprocessor    48867583    48867583    48867583
          1                     surface_load_requests             Total number of surface load requests from Multiprocessor           0           0           0
          1                     global_store_requests             Total number of global store requests from Multiprocessor          27          27          27
          1                      local_store_requests              Total number of local store requests from Multiprocessor    21138596    21138596    21138596
          1                    surface_store_requests            Total number of surface store requests from Multiprocessor           0           0           0
          1                    global_atomic_requests            Total number of global atomic requests from Multiprocessor           0           0           0
          1                 global_reduction_requests         Total number of global reduction requests from Multiprocessor           0           0           0
          1                   surface_atomic_requests           Total number of surface atomic requests from Multiprocessor           0           0           0
          1                surface_reduction_requests        Total number of surface reduction requests from Multiprocessor           0           0           0
          1                     texture_load_requests             Total number of texture Load requests from Multiprocessor           0           0           0
          1                          stall_inst_fetch                              Issue Stall Reasons (Instructions Fetch)      12.03%      12.03%      12.03%
          1                     stall_exec_dependency                            Issue Stall Reasons (Execution Dependency)      21.19%      21.19%      21.19%
          1                   stall_memory_dependency                                    Issue Stall Reasons (Data Request)      61.70%      61.70%      61.70%
          1                             stall_texture                                         Issue Stall Reasons (Texture)       0.00%       0.00%       0.00%
          1                                stall_sync                                 Issue Stall Reasons (Synchronization)       0.88%       0.88%       0.88%
          1                               stall_other                                           Issue Stall Reasons (Other)       3.49%       3.49%       3.49%
          1          stall_constant_memory_dependency                              Issue Stall Reasons (Immediate constant)       0.00%       0.00%       0.00%
          1                           stall_pipe_busy                                       Issue Stall Reasons (Pipe Busy)       0.23%       0.23%       0.23%
          1                     stall_memory_throttle                                 Issue Stall Reasons (Memory Throttle)       0.00%       0.00%       0.00%
          1                        stall_not_selected                                    Issue Stall Reasons (Not Selected)       0.48%       0.48%       0.48%
          1                  sysmem_read_transactions                                       System Memory Read Transactions           0           0           0
          1                 sysmem_write_transactions                                      System Memory Write Transactions           0           0           0
          1                      l2_read_transactions                                                  L2 Read Transactions    49470264    49470264    49470264
          1                     l2_write_transactions                                                 L2 Write Transactions    23805783    23805783    23805783
          1                     local_memory_overhead                                                 Local Memory Overhead     100.00%     100.00%     100.00%
          1                        tex_cache_hit_rate                                                Unified Cache Hit Rate      39.13%      39.13%      39.13%
          1                    l2_tex_read_throughput                                         L2 Throughput (Texture Reads)  6.5532GB/s  6.5532GB/s  6.5532GB/s
          1                   l2_tex_write_throughput                                        L2 Throughput (Texture Writes)  3.1905GB/s  3.1905GB/s  3.1905GB/s
          1                  l2_tex_read_transactions                                       L2 Transactions (Texture Reads)    48896329    48896329    48896329
          1                 l2_tex_write_transactions                                      L2 Transactions (Texture Writes)    23805761    23805761    23805761
          1                        l2_read_throughput                                                 L2 Throughput (Reads)  6.6301GB/s  6.6301GB/s  6.6301GB/s
          1                       l2_write_throughput                                                L2 Throughput (Writes)  3.1905GB/s  3.1905GB/s  3.1905GB/s
          1                    sysmem_read_throughput                                         System Memory Read Throughput  0.00000B/s  0.00000B/s  0.00000B/s
          1                   sysmem_write_throughput                                        System Memory Write Throughput  0.00000B/s  0.00000B/s  0.00000B/s
          1                      l2_atomic_throughput                                       L2 Throughput (Atomic requests)  0.00000B/s  0.00000B/s  0.00000B/s
          1                    l2_atomic_transactions                                     L2 Transactions (Atomic requests)           0           0           0
          1                         sysmem_read_bytes                                              System Memory Read Bytes           0           0           0
          1                        sysmem_write_bytes                                             System Memory Write Bytes           0           0           0
          1                          gld_transactions                                              Global Load Transactions          54          54          54
          1              gld_transactions_per_request                                  Global Load Transactions Per Request    0.000168    0.000168    0.000168
          1                            l2_utilization                                                  L2 Cache Utilization     Low (1)     Low (1)     Low (1)
          1                          dram_utilization                                             Device Memory Utilization    Max (10)    Max (10)    Max (10)
          1                             flop_count_hp                             Floating Point Operations(Half Precision)           0           0           0
          1                         flop_count_hp_add                         Floating Point Operations(Half Precision Add)           0           0           0
          1                         flop_count_hp_fma                         Floating Point Operations(Half Precision FMA)           0           0           0
          1                         flop_count_hp_mul                          Floating Point Operation(Half Precision Mul)           0           0           0
          1                        flop_hp_efficiency                                            FLOP Efficiency(Peak Half)       0.00%       0.00%       0.00%
          1                                inst_fp_16                                                 HP Instructions(Half)           0           0           0
          1             half_precision_fu_utilization                              Half-Precision Function Unit Utilization    Idle (0)    Idle (0)    Idle (0)
          1                  eligible_warps_per_cycle                                       Eligible Warps Per Active Cycle    0.790397    0.790397    0.790397
          1                        flop_sp_efficiency                                          FLOP Efficiency(Peak Single)       0.00%       0.00%       0.00%
          1                        flop_dp_efficiency                                          FLOP Efficiency(Peak Double)       0.00%       0.00%       0.00%
