Flat profile:

Each sample counts as 0.01 seconds.
 no time accumulated

  %   cumulative   self              self     total           
 time   seconds   seconds    calls  Ts/call  Ts/call  name    
  0.00      0.00     0.00     2101     0.00     0.00  createNimply
  0.00      0.00     0.00     1823     0.00     0.00  destroyNimply
  0.00      0.00     0.00     1036     0.00     0.00  createStackEntry
  0.00      0.00     0.00     1036     0.00     0.00  stackPop
  0.00      0.00     0.00     1036     0.00     0.00  stackPush
  0.00      0.00     0.00      980     0.00     0.00  isNotEnded
  0.00      0.00     0.00      823     0.00     0.00  possibleMoves
  0.00      0.00     0.00      731     0.00     0.00  destroyResult
  0.00      0.00     0.00      730     0.00     0.00  createResult
  0.00      0.00     0.00      519     0.00     0.00  destroyNim
  0.00      0.00     0.00      519     0.00     0.00  nimming
  0.00      0.00     0.00      518     0.00     0.00  createResultArray
  0.00      0.00     0.00      518     0.00     0.00  deepcopyNim
  0.00      0.00     0.00      518     0.00     0.00  destroyMovesArray
  0.00      0.00     0.00      517     0.00     0.00  resultArrayPush
  0.00      0.00     0.00      163     0.00     0.00  minResultArray
  0.00      0.00     0.00      142     0.00     0.00  maxResultArray
  0.00      0.00     0.00        3     0.00     0.00  printNim
  0.00      0.00     0.00        1     0.00     0.00  createNim
  0.00      0.00     0.00        1     0.00     0.00  createStack
  0.00      0.00     0.00        1     0.00     0.00  destroyStack
  0.00      0.00     0.00        1     0.00     0.00  minmax
  0.00      0.00     0.00        1     0.00     0.00  randomStrategy

			Call graph


granularity: each sample hit covers 4 byte(s) no time propagated

index % time    self  children    called     name
                0.00    0.00    2101/2101        possibleMoves [7]
[1]      0.0    0.00    0.00    2101         createNimply [1]
-----------------------------------------------
                0.00    0.00       1/1823        main [32]
                0.00    0.00     376/1823        destroyResult [8]
                0.00    0.00    1446/1823        destroyMovesArray [14]
[2]      0.0    0.00    0.00    1823         destroyNimply [2]
-----------------------------------------------
                0.00    0.00    1036/1036        minmax [22]
[3]      0.0    0.00    0.00    1036         createStackEntry [3]
-----------------------------------------------
                0.00    0.00    1036/1036        minmax [22]
[4]      0.0    0.00    0.00    1036         stackPop [4]
-----------------------------------------------
                0.00    0.00    1036/1036        minmax [22]
[5]      0.0    0.00    0.00    1036         stackPush [5]
-----------------------------------------------
                0.00    0.00       3/980         main [32]
                0.00    0.00     977/980         minmax [22]
[6]      0.0    0.00    0.00     980         isNotEnded [6]
-----------------------------------------------
                0.00    0.00       1/823         randomStrategy [23]
                0.00    0.00     822/823         minmax [22]
[7]      0.0    0.00    0.00     823         possibleMoves [7]
                0.00    0.00    2101/2101        createNimply [1]
-----------------------------------------------
                0.00    0.00     731/731         minmax [22]
[8]      0.0    0.00    0.00     731         destroyResult [8]
                0.00    0.00     376/1823        destroyNimply [2]
-----------------------------------------------
                0.00    0.00     730/730         minmax [22]
[9]      0.0    0.00    0.00     730         createResult [9]
-----------------------------------------------
                0.00    0.00       1/519         main [32]
                0.00    0.00     518/519         minmax [22]
[10]     0.0    0.00    0.00     519         destroyNim [10]
-----------------------------------------------
                0.00    0.00       1/519         main [32]
                0.00    0.00       1/519         randomStrategy [23]
                0.00    0.00     517/519         minmax [22]
[11]     0.0    0.00    0.00     519         nimming [11]
-----------------------------------------------
                0.00    0.00     518/518         minmax [22]
[12]     0.0    0.00    0.00     518         createResultArray [12]
-----------------------------------------------
                0.00    0.00     518/518         minmax [22]
[13]     0.0    0.00    0.00     518         deepcopyNim [13]
-----------------------------------------------
                0.00    0.00       1/518         randomStrategy [23]
                0.00    0.00     517/518         minmax [22]
[14]     0.0    0.00    0.00     518         destroyMovesArray [14]
                0.00    0.00    1446/1823        destroyNimply [2]
-----------------------------------------------
                0.00    0.00     517/517         minmax [22]
[15]     0.0    0.00    0.00     517         resultArrayPush [15]
-----------------------------------------------
                0.00    0.00     163/163         minmax [22]
[16]     0.0    0.00    0.00     163         minResultArray [16]
-----------------------------------------------
                0.00    0.00     142/142         minmax [22]
[17]     0.0    0.00    0.00     142         maxResultArray [17]
-----------------------------------------------
                0.00    0.00       1/3           randomStrategy [23]
                0.00    0.00       2/3           main [32]
[18]     0.0    0.00    0.00       3         printNim [18]
-----------------------------------------------
                0.00    0.00       1/1           main [32]
[19]     0.0    0.00    0.00       1         createNim [19]
-----------------------------------------------
                0.00    0.00       1/1           minmax [22]
[20]     0.0    0.00    0.00       1         createStack [20]
-----------------------------------------------
                0.00    0.00       1/1           minmax [22]
[21]     0.0    0.00    0.00       1         destroyStack [21]
-----------------------------------------------
                0.00    0.00       1/1           main [32]
[22]     0.0    0.00    0.00       1         minmax [22]
                0.00    0.00    1036/1036        createStackEntry [3]
                0.00    0.00    1036/1036        stackPush [5]
                0.00    0.00    1036/1036        stackPop [4]
                0.00    0.00     977/980         isNotEnded [6]
                0.00    0.00     822/823         possibleMoves [7]
                0.00    0.00     731/731         destroyResult [8]
                0.00    0.00     730/730         createResult [9]
                0.00    0.00     518/518         deepcopyNim [13]
                0.00    0.00     518/518         createResultArray [12]
                0.00    0.00     518/519         destroyNim [10]
                0.00    0.00     517/517         resultArrayPush [15]
                0.00    0.00     517/519         nimming [11]
                0.00    0.00     517/518         destroyMovesArray [14]
                0.00    0.00     163/163         minResultArray [16]
                0.00    0.00     142/142         maxResultArray [17]
                0.00    0.00       1/1           createStack [20]
                0.00    0.00       1/1           destroyStack [21]
-----------------------------------------------
                0.00    0.00       1/1           main [32]
[23]     0.0    0.00    0.00       1         randomStrategy [23]
                0.00    0.00       1/823         possibleMoves [7]
                0.00    0.00       1/519         nimming [11]
                0.00    0.00       1/3           printNim [18]
                0.00    0.00       1/518         destroyMovesArray [14]
-----------------------------------------------

Index by function name

  [19] createNim              [10] destroyNim             [11] nimming
   [1] createNimply            [2] destroyNimply           [7] possibleMoves
   [9] createResult            [8] destroyResult          [18] printNim
  [12] createResultArray      [21] destroyStack           [23] randomStrategy
  [20] createStack             [6] isNotEnded             [15] resultArrayPush
   [3] createStackEntry       [17] maxResultArray          [4] stackPop
  [13] deepcopyNim            [16] minResultArray          [5] stackPush
  [14] destroyMovesArray      [22] minmax
