==9986== NVPROF is profiling process 9986, command: ./v2.out
==9986== Some kernel(s) will be replayed on device 0 in order to collect all events/metrics.
==9986== Profiling application: ./v2.out
==9986== Profiling result:
==9986== Metric result:
Invocations                               Metric Name                                                    Metric Description         Min         Max         Avg
Device "NVIDIA Tegra X1 (0)"
    Kernel: GPU_minmax(unsigned int, unsigned int, unsigned char, unsigned char*)
          1                             sm_efficiency                                               Multiprocessor Activity      99.98%      99.98%      99.98%
          1                        achieved_occupancy                                                    Achieved Occupancy    0.051785    0.051785    0.051785
          1                                       ipc                                                          Executed IPC    0.158812    0.158812    0.158812
          1                                issued_ipc                                                            Issued IPC    0.158841    0.158841    0.158841
          1                             inst_per_warp                                                 Instructions per warp  1.3488e+05  1.3488e+05  1.3488e+05
          1                         branch_efficiency                                                     Branch Efficiency      98.69%      98.69%      98.69%
          1                 warp_execution_efficiency                                             Warp Execution Efficiency       6.50%       6.50%       6.50%
          1         warp_nonpred_execution_efficiency                              Warp Non-Predicated Execution Efficiency       6.22%       6.22%       6.22%
          1                      inst_replay_overhead                                           Instruction Replay Overhead    0.000099    0.000099    0.000099
          1                    issue_slot_utilization                                                Issue Slot Utilization       3.57%       3.57%       3.57%
          1      shared_load_transactions_per_request                           Shared Memory Load Transactions Per Request    0.939597    0.939597    0.939597
          1     shared_store_transactions_per_request                          Shared Memory Store Transactions Per Request    1.000000    1.000000    1.000000
          1       local_load_transactions_per_request                            Local Memory Load Transactions Per Request    1.903685    1.903685    1.903685
          1      local_store_transactions_per_request                           Local Memory Store Transactions Per Request    1.262395    1.262395    1.262395
          1              gst_transactions_per_request                                 Global Store Transactions Per Request    0.003087    0.003087    0.003087
          1                 shared_store_transactions                                             Shared Store Transactions         149         149         149
          1                  shared_load_transactions                                              Shared Load Transactions         140         140         140
          1                   local_load_transactions                                               Local Load Transactions      278749      278749      278749
          1                  local_store_transactions                                              Local Store Transactions       91588       91588       91588
          1                          gst_transactions                                             Global Store Transactions          10          10          10
          1                           global_hit_rate                                     Global Hit Rate in unified l1/tex     100.00%     100.00%     100.00%
          1                            local_hit_rate                                                        Local Hit Rate      30.83%      30.83%      30.83%
          1                  gld_requested_throughput                                      Requested Global Load Throughput  1.4640MB/s  1.4640MB/s  1.4640MB/s
          1                  gst_requested_throughput                                     Requested Global Store Throughput  1.4651MB/s  1.4651MB/s  1.4651MB/s
          1                            gld_throughput                                                Global Load Throughput  11.712MB/s  11.712MB/s  11.712MB/s
          1                            gst_throughput                                               Global Store Throughput  37.244KB/s  37.244KB/s  37.243KB/s
          1                      tex_cache_throughput                                              Unified Cache Throughput  732.67MB/s  732.67MB/s  732.67MB/s
          1                     local_load_throughput                                          Local Memory Load Throughput  0.9901GB/s  0.9901GB/s  0.9901GB/s
          1                    local_store_throughput                                         Local Memory Store Throughput  333.12MB/s  333.12MB/s  333.12MB/s
          1                    shared_load_throughput                                         Shared Memory Load Throughput  2.0368MB/s  2.0368MB/s  2.0368MB/s
          1                   shared_store_throughput                                        Shared Memory Store Throughput  2.1677MB/s  2.1677MB/s  2.1677MB/s
          1                            gld_efficiency                                         Global Memory Load Efficiency      12.50%      12.50%      12.50%
          1                            gst_efficiency                                        Global Memory Store Efficiency    4028.12%    4028.12%    4028.12%
          1                    tex_cache_transactions                                            Unified Cache Transactions      201441      201441      201441
          1                         cf_fu_utilization                                Control-Flow Function Unit Utilization     Low (1)     Low (1)     Low (1)
          1                        tex_fu_utilization                                     Texture Function Unit Utilization     Low (1)     Low (1)     Low (1)
          1                       ldst_fu_utilization                                  Load/Store Function Unit Utilization     Low (1)     Low (1)     Low (1)
          1           double_precision_fu_utilization                            Double-Precision Function Unit Utilization    Idle (0)    Idle (0)    Idle (0)
          1                    special_fu_utilization                                     Special Function Unit Utilization    Idle (0)    Idle (0)    Idle (0)
          1           single_precision_fu_utilization                            Single-Precision Function Unit Utilization     Low (1)     Low (1)     Low (1)
          1                             flop_count_dp                           Floating Point Operations(Double Precision)           0           0           0
          1                         flop_count_dp_add                       Floating Point Operations(Double Precision Add)           0           0           0
          1                         flop_count_dp_fma                       Floating Point Operations(Double Precision FMA)           0           0           0
          1                         flop_count_dp_mul                       Floating Point Operations(Double Precision Mul)           0           0           0
          1                             flop_count_sp                           Floating Point Operations(Single Precision)           0           0           0
          1                         flop_count_sp_add                       Floating Point Operations(Single Precision Add)           0           0           0
          1                         flop_count_sp_fma                       Floating Point Operations(Single Precision FMA)           0           0           0
          1                         flop_count_sp_mul                        Floating Point Operation(Single Precision Mul)           0           0           0
          1                     flop_count_sp_special                   Floating Point Operations(Single Precision Special)           0           0           0
          1                             inst_executed                                                 Instructions Executed     1213907     1213907     1213907
          1                               inst_issued                                                   Instructions Issued     1214027     1214027     1214027
          1                           tex_utilization                                             Unified Cache Utilization     Low (1)     Low (1)     Low (1)
          1                         shared_efficiency                                              Shared Memory Efficiency       1.56%       1.56%       1.56%
          1                        shared_utilization                                             Shared Memory Utilization     Low (1)     Low (1)     Low (1)
          1                                inst_fp_32                                               FP Instructions(Single)           0           0           0
          1                                inst_fp_64                                               FP Instructions(Double)           0           0           0
          1                              inst_integer                                                  Integer Instructions     1267202     1267202     1267202
          1                          inst_bit_convert                                              Bit-Convert Instructions           0           0           0
          1                              inst_control                                             Control-Flow Instructions      307649      307649      307649
          1                        inst_compute_ld_st                                               Load/Store Instructions      536818      536818      536818
          1                                 inst_misc                                                     Misc Instructions      302705      302705      302705
          1           inst_inter_thread_communication                                             Inter-Thread Instructions           0           0           0
          1                               issue_slots                                                           Issue Slots     1092329     1092329     1092329
          1                                 cf_issued                                      Issued Control-Flow Instructions      227258      227258      227258
          1                               cf_executed                                    Executed Control-Flow Instructions      227258      227258      227258
          1                               ldst_issued                                        Issued Load/Store Instructions      317244      317244      317244
          1                             ldst_executed                                      Executed Load/Store Instructions      256879      256879      256879
          1                       atomic_transactions                                                   Atomic Transactions           0           0           0
          1           atomic_transactions_per_request                                       Atomic Transactions Per Request    0.000000    0.000000    0.000000
          1                inst_executed_global_loads                              Warp level instructions for global loads        3220        3220        3220
          1                 inst_executed_local_loads                               Warp level instructions for local loads      146426      146426      146426
          1                inst_executed_shared_loads                              Warp level instructions for shared loads         149         149         149
          1               inst_executed_surface_loads                             Warp level instructions for surface loads           0           0           0
          1               inst_executed_global_stores                             Warp level instructions for global stores        3239        3239        3239
          1                inst_executed_local_stores                              Warp level instructions for local stores       72551       72551       72551
          1               inst_executed_shared_stores                             Warp level instructions for shared stores         149         149         149
          1              inst_executed_surface_stores                            Warp level instructions for surface stores           0           0           0
          1              inst_executed_global_atomics                  Warp level instructions for global atom and atom cas           0           0           0
          1           inst_executed_global_reductions                         Warp level instructions for global reductions           0           0           0
          1             inst_executed_surface_atomics                 Warp level instructions for surface atom and atom cas           0           0           0
          1          inst_executed_surface_reductions                        Warp level instructions for surface reductions           0           0           0
          1              inst_executed_shared_atomics                  Warp level shared instructions for atom and atom CAS           0           0           0
          1                     inst_executed_tex_ops                                   Warp level instructions for texture           0           0           0
          1                      l2_global_load_bytes       Bytes read from L2 for misses in Unified Cache for global loads           0           0           0
          1                       l2_local_load_bytes        Bytes read from L2 for misses in Unified Cache for local loads     6161632     6161632     6161632
          1                     l2_surface_load_bytes      Bytes read from L2 for misses in Unified Cache for surface loads           0           0           0
          1               l2_local_global_store_bytes   Bytes written to L2 from Unified Cache for local and global stores.     2931136     2931136     2931136
          1                 l2_global_reduction_bytes          Bytes written to L2 from Unified cache for global reductions           0           0           0
          1              l2_global_atomic_store_bytes             Bytes written to L2 from Unified cache for global atomics           0           0           0
          1                    l2_surface_store_bytes            Bytes written to L2 from Unified Cache for surface stores.           0           0           0
          1                l2_surface_reduction_bytes         Bytes written to L2 from Unified Cache for surface reductions           0           0           0
          1             l2_surface_atomic_store_bytes    Bytes transferred between Unified Cache and L2 for surface atomics           0           0           0
          1                      global_load_requests              Total number of global load requests from Multiprocessor           0           0           0
          1                       local_load_requests               Total number of local load requests from Multiprocessor      201441      201441      201441
          1                     surface_load_requests             Total number of surface load requests from Multiprocessor           0           0           0
          1                     global_store_requests             Total number of global store requests from Multiprocessor          10          10          10
          1                      local_store_requests              Total number of local store requests from Multiprocessor       92036       92036       92036
          1                    surface_store_requests            Total number of surface store requests from Multiprocessor           0           0           0
          1                    global_atomic_requests            Total number of global atomic requests from Multiprocessor           0           0           0
          1                 global_reduction_requests         Total number of global reduction requests from Multiprocessor           0           0           0
          1                   surface_atomic_requests           Total number of surface atomic requests from Multiprocessor           0           0           0
          1                surface_reduction_requests        Total number of surface reduction requests from Multiprocessor           0           0           0
          1                     texture_load_requests             Total number of texture Load requests from Multiprocessor           0           0           0
          1                          stall_inst_fetch                              Issue Stall Reasons (Instructions Fetch)      10.47%      10.47%      10.47%
          1                     stall_exec_dependency                            Issue Stall Reasons (Execution Dependency)      20.17%      20.17%      20.17%
          1                   stall_memory_dependency                                    Issue Stall Reasons (Data Request)      63.34%      63.34%      63.34%
          1                             stall_texture                                         Issue Stall Reasons (Texture)       0.00%       0.00%       0.00%
          1                                stall_sync                                 Issue Stall Reasons (Synchronization)       1.60%       1.60%       1.60%
          1                               stall_other                                           Issue Stall Reasons (Other)       4.23%       4.23%       4.23%
          1          stall_constant_memory_dependency                              Issue Stall Reasons (Immediate constant)       0.01%       0.01%       0.01%
          1                           stall_pipe_busy                                       Issue Stall Reasons (Pipe Busy)       0.12%       0.12%       0.12%
          1                     stall_memory_throttle                                 Issue Stall Reasons (Memory Throttle)       0.00%       0.00%       0.00%
          1                        stall_not_selected                                    Issue Stall Reasons (Not Selected)       0.06%       0.06%       0.06%
          1                  sysmem_read_transactions                                       System Memory Read Transactions           0           0           0
          1                 sysmem_write_transactions                                      System Memory Write Transactions           0           0           0
          1                      l2_read_transactions                                                  L2 Read Transactions      214634      214634      214634
          1                     l2_write_transactions                                                 L2 Write Transactions       91631       91631       91631
          1                     local_memory_overhead                                                 Local Memory Overhead      82.25%      82.25%      82.25%
          1                        tex_cache_hit_rate                                                Unified Cache Hit Rate      26.36%      26.36%      26.36%
          1                    l2_tex_read_throughput                                         L2 Throughput (Texture Reads)  917.24MB/s  917.24MB/s  917.24MB/s
          1                   l2_tex_write_throughput                                        L2 Throughput (Texture Writes)  333.24MB/s  333.24MB/s  333.24MB/s
          1                  l2_tex_read_transactions                                       L2 Transactions (Texture Reads)      252186      252186      252186
          1                 l2_tex_write_transactions                                      L2 Transactions (Texture Writes)       91622       91622       91622
          1                        l2_read_throughput                                                 L2 Throughput (Reads)  780.66MB/s  780.66MB/s  780.66MB/s
          1                       l2_write_throughput                                                L2 Throughput (Writes)  333.28MB/s  333.28MB/s  333.28MB/s
          1                    sysmem_read_throughput                                         System Memory Read Throughput  0.00000B/s  0.00000B/s  0.00000B/s
          1                   sysmem_write_throughput                                        System Memory Write Throughput  0.00000B/s  0.00000B/s  0.00000B/s
          1                      l2_atomic_throughput                                       L2 Throughput (Atomic requests)  0.00000B/s  0.00000B/s  0.00000B/s
          1                    l2_atomic_transactions                                     L2 Transactions (Atomic requests)           0           0           0
          1                         sysmem_read_bytes                                              System Memory Read Bytes           0           0           0
          1                        sysmem_write_bytes                                             System Memory Write Bytes           0           0           0
          1                          gld_transactions                                              Global Load Transactions           2           2           2
          1              gld_transactions_per_request                                  Global Load Transactions Per Request    0.000621    0.000621    0.000621
          1                            l2_utilization                                                  L2 Cache Utilization     Low (1)     Low (1)     Low (1)
          1                          dram_utilization                                             Device Memory Utilization    Max (10)    Max (10)    Max (10)
          1                             flop_count_hp                             Floating Point Operations(Half Precision)           0           0           0
          1                         flop_count_hp_add                         Floating Point Operations(Half Precision Add)           0           0           0
          1                         flop_count_hp_fma                         Floating Point Operations(Half Precision FMA)           0           0           0
          1                         flop_count_hp_mul                          Floating Point Operation(Half Precision Mul)           0           0           0
          1                        flop_hp_efficiency                                            FLOP Efficiency(Peak Half)       0.00%       0.00%       0.00%
          1                                inst_fp_16                                                 HP Instructions(Half)           0           0           0
          1             half_precision_fu_utilization                              Half-Precision Function Unit Utilization    Idle (0)    Idle (0)    Idle (0)
          1                  eligible_warps_per_cycle                                       Eligible Warps Per Active Cycle    0.144897    0.144897    0.144897
          1                        flop_sp_efficiency                                          FLOP Efficiency(Peak Single)       0.00%       0.00%       0.00%
          1                        flop_dp_efficiency                                          FLOP Efficiency(Peak Double)       0.00%       0.00%       0.00%
