Flat profile:

Each sample counts as 0.01 seconds.
  %   cumulative   self              self     total           
 time   seconds   seconds    calls  ms/call  ms/call  name    
 22.81      0.13     0.13   189962     0.00     0.00  possibleMoves
 21.05      0.25     0.12  9557609     0.00     0.00  createNimply
 19.30      0.36     0.11   182764     0.00     0.00  destroyMovesArray
 10.53      0.42     0.06  9374912     0.00     0.00  destroyNimply
  7.02      0.46     0.04   365528     0.00     0.00  createStackEntry
  5.26      0.49     0.03   189964     0.00     0.00  isNotEnded
  3.51      0.51     0.02   358329     0.00     0.00  createResult
  3.51      0.53     0.02   182764     0.00     0.00  deepcopyNim
  3.51      0.55     0.02        1    20.00   570.00  minmax
  1.75      0.56     0.01   365528     0.00     0.00  stackPop
  1.75      0.57     0.01   182763     0.00     0.00  resultArrayPush
  0.00      0.57     0.00   365528     0.00     0.00  stackPush
  0.00      0.57     0.00   358330     0.00     0.00  destroyResult
  0.00      0.57     0.00   182765     0.00     0.00  destroyNim
  0.00      0.57     0.00   182765     0.00     0.00  nimming
  0.00      0.57     0.00   182764     0.00     0.00  createResultArray
  0.00      0.57     0.00     3599     0.00     0.00  maxResultArray
  0.00      0.57     0.00     3599     0.00     0.00  minResultArray
  0.00      0.57     0.00        3     0.00     0.00  printNim
  0.00      0.57     0.00        1     0.00     0.00  createNim
  0.00      0.57     0.00        1     0.00     0.00  createStack
  0.00      0.57     0.00        1     0.00     0.00  destroyStack
  0.00      0.57     0.00        1     0.00     0.00  randomStrategy

			Call graph


granularity: each sample hit covers 4 byte(s) for 1.75% of 0.57 seconds

index % time    self  children    called     name
                                                 <spontaneous>
[1]    100.0    0.00    0.57                 main [1]
                0.02    0.55       1/1           minmax [2]
                0.00    0.00       1/1           randomStrategy [14]
                0.00    0.00       3/189964      isNotEnded [8]
                0.00    0.00       1/9374912     destroyNimply [6]
                0.00    0.00       2/3           printNim [21]
                0.00    0.00       1/1           createNim [22]
                0.00    0.00       1/182765      nimming [17]
                0.00    0.00       1/182765      destroyNim [16]
-----------------------------------------------
                0.02    0.55       1/1           main [1]
[2]    100.0    0.02    0.55       1         minmax [2]
                0.13    0.12  189961/189962      possibleMoves [3]
                0.11    0.06  182763/182764      destroyMovesArray [4]
                0.04    0.00  365528/365528      createStackEntry [7]
                0.03    0.00  189961/189964      isNotEnded [8]
                0.02    0.00  358329/358329      createResult [9]
                0.02    0.00  182764/182764      deepcopyNim [10]
                0.01    0.00  365528/365528      stackPop [11]
                0.01    0.00  182763/182763      resultArrayPush [12]
                0.00    0.00  358330/358330      destroyResult [13]
                0.00    0.00  365528/365528      stackPush [15]
                0.00    0.00  182764/182764      createResultArray [18]
                0.00    0.00  182764/182765      destroyNim [16]
                0.00    0.00  182763/182765      nimming [17]
                0.00    0.00    3599/3599        minResultArray [20]
                0.00    0.00    3599/3599        maxResultArray [19]
                0.00    0.00       1/1           createStack [23]
                0.00    0.00       1/1           destroyStack [24]
-----------------------------------------------
                0.00    0.00       1/189962      randomStrategy [14]
                0.13    0.12  189961/189962      minmax [2]
[3]     43.9    0.13    0.12  189962         possibleMoves [3]
                0.12    0.00 9557609/9557609     createNimply [5]
-----------------------------------------------
                0.00    0.00       1/182764      randomStrategy [14]
                0.11    0.06  182763/182764      minmax [2]
[4]     29.6    0.11    0.06  182764         destroyMovesArray [4]
                0.06    0.00 9195682/9374912     destroyNimply [6]
-----------------------------------------------
                0.12    0.00 9557609/9557609     possibleMoves [3]
[5]     21.1    0.12    0.00 9557609         createNimply [5]
-----------------------------------------------
                0.00    0.00       1/9374912     main [1]
                0.00    0.00  179229/9374912     destroyResult [13]
                0.06    0.00 9195682/9374912     destroyMovesArray [4]
[6]     10.5    0.06    0.00 9374912         destroyNimply [6]
-----------------------------------------------
                0.04    0.00  365528/365528      minmax [2]
[7]      7.0    0.04    0.00  365528         createStackEntry [7]
-----------------------------------------------
                0.00    0.00       3/189964      main [1]
                0.03    0.00  189961/189964      minmax [2]
[8]      5.3    0.03    0.00  189964         isNotEnded [8]
-----------------------------------------------
                0.02    0.00  358329/358329      minmax [2]
[9]      3.5    0.02    0.00  358329         createResult [9]
-----------------------------------------------
                0.02    0.00  182764/182764      minmax [2]
[10]     3.5    0.02    0.00  182764         deepcopyNim [10]
-----------------------------------------------
                0.01    0.00  365528/365528      minmax [2]
[11]     1.8    0.01    0.00  365528         stackPop [11]
-----------------------------------------------
                0.01    0.00  182763/182763      minmax [2]
[12]     1.8    0.01    0.00  182763         resultArrayPush [12]
-----------------------------------------------
                0.00    0.00  358330/358330      minmax [2]
[13]     0.2    0.00    0.00  358330         destroyResult [13]
                0.00    0.00  179229/9374912     destroyNimply [6]
-----------------------------------------------
                0.00    0.00       1/1           main [1]
[14]     0.0    0.00    0.00       1         randomStrategy [14]
                0.00    0.00       1/189962      possibleMoves [3]
                0.00    0.00       1/182764      destroyMovesArray [4]
                0.00    0.00       1/182765      nimming [17]
                0.00    0.00       1/3           printNim [21]
-----------------------------------------------
                0.00    0.00  365528/365528      minmax [2]
[15]     0.0    0.00    0.00  365528         stackPush [15]
-----------------------------------------------
                0.00    0.00       1/182765      main [1]
                0.00    0.00  182764/182765      minmax [2]
[16]     0.0    0.00    0.00  182765         destroyNim [16]
-----------------------------------------------
                0.00    0.00       1/182765      main [1]
                0.00    0.00       1/182765      randomStrategy [14]
                0.00    0.00  182763/182765      minmax [2]
[17]     0.0    0.00    0.00  182765         nimming [17]
-----------------------------------------------
                0.00    0.00  182764/182764      minmax [2]
[18]     0.0    0.00    0.00  182764         createResultArray [18]
-----------------------------------------------
                0.00    0.00    3599/3599        minmax [2]
[19]     0.0    0.00    0.00    3599         maxResultArray [19]
-----------------------------------------------
                0.00    0.00    3599/3599        minmax [2]
[20]     0.0    0.00    0.00    3599         minResultArray [20]
-----------------------------------------------
                0.00    0.00       1/3           randomStrategy [14]
                0.00    0.00       2/3           main [1]
[21]     0.0    0.00    0.00       3         printNim [21]
-----------------------------------------------
                0.00    0.00       1/1           main [1]
[22]     0.0    0.00    0.00       1         createNim [22]
-----------------------------------------------
                0.00    0.00       1/1           minmax [2]
[23]     0.0    0.00    0.00       1         createStack [23]
-----------------------------------------------
                0.00    0.00       1/1           minmax [2]
[24]     0.0    0.00    0.00       1         destroyStack [24]
-----------------------------------------------

Index by function name

  [22] createNim              [16] destroyNim             [17] nimming
   [5] createNimply            [6] destroyNimply           [3] possibleMoves
   [9] createResult           [13] destroyResult          [21] printNim
  [18] createResultArray      [24] destroyStack           [14] randomStrategy
  [23] createStack             [8] isNotEnded             [12] resultArrayPush
   [7] createStackEntry       [19] maxResultArray         [11] stackPop
  [10] deepcopyNim            [20] minResultArray         [15] stackPush
   [4] destroyMovesArray       [2] minmax
