==10537== NVPROF is profiling process 10537, command: ./v3.out
==10537== Some kernel(s) will be replayed on device 0 in order to collect all events/metrics.
==10537== Profiling application: ./v3.out
==10537== Profiling result:
==10537== Event result:
Invocations                                Event Name         Min         Max         Avg       Total
Device "NVIDIA Tegra X1 (0)"
    Kernel: GPU_minmax(unsigned int, unsigned int, unsigned char*, unsigned char, unsigned char*)
          1                 tex0_cache_sector_queries        1945        1945        1945        1945
          1                 tex1_cache_sector_queries          22          22          22          22
          1                  tex0_cache_sector_misses        1224        1224        1224        1224
          1                  tex1_cache_sector_misses          22          22          22          22
          1              l2_subp0_write_sector_misses           6           6           6           6
          1              l2_subp1_write_sector_misses         241         241         241         241
          1               l2_subp0_read_sector_misses         449         449         449         449
          1               l2_subp1_read_sector_misses         449         449         449         449
          1          l2_subp0_read_tex_sector_queries         286         286         286         286
          1          l2_subp1_read_tex_sector_queries         322         322         322         322
          1         l2_subp0_write_tex_sector_queries         380         380         380         380
          1         l2_subp1_write_tex_sector_queries         141         141         141         141
          1             l2_subp0_read_tex_hit_sectors         225         225         225         225
          1             l2_subp1_read_tex_hit_sectors         266         266         266         266
          1            l2_subp0_write_tex_hit_sectors         380         380         380         380
          1            l2_subp1_write_tex_hit_sectors         141         141         141         141
          1        l2_subp0_total_read_sector_queries         371         371         371         371
          1        l2_subp1_total_read_sector_queries         672         672         672         672
          1       l2_subp0_total_write_sector_queries         165         165         165         165
          1       l2_subp1_total_write_sector_queries         383         383         383         383
          1       l2_subp0_read_sysmem_sector_queries           0           0           0           0
          1       l2_subp1_read_sysmem_sector_queries           0           0           0           0
          1      l2_subp0_write_sysmem_sector_queries           0           0           0           0
          1      l2_subp1_write_sysmem_sector_queries           0           0           0           0
          1                         elapsed_cycles_sm      103998      103998      103998      103998
          1                             gld_inst_8bit           4           4           4           4
          1                            gld_inst_16bit           0           0           0           0
          1                            gld_inst_32bit          16          16          16          16
          1                            gld_inst_64bit           0           0           0           0
          1                           gld_inst_128bit           0           0           0           0
          1                             gst_inst_8bit           5           5           5           5
          1                            gst_inst_16bit           0           0           0           0
          1                            gst_inst_32bit          16          16          16          16
          1                            gst_inst_64bit           0           0           0           0
          1                           gst_inst_128bit           0           0           0           0
          1                           prof_trigger_00           0           0           0           0
          1                           prof_trigger_01           0           0           0           0
          1                           prof_trigger_02           0           0           0           0
          1                           prof_trigger_03           0           0           0           0
          1                           prof_trigger_04           0           0           0           0
          1                           prof_trigger_05           0           0           0           0
          1                           prof_trigger_06           0           0           0           0
          1                           prof_trigger_07           0           0           0           0
          1                            warps_launched           4           4           4           4
          1                              inst_issued0      130277      130277      130277      130277
          1                              inst_issued1        8751        8751        8751        8751
          1                              inst_issued2        1627        1627        1627        1627
          1                             inst_executed       11980       11980       11980       11980
          1                      thread_inst_executed       20542       20542       20542       20542
          1   not_predicated_off_thread_inst_executed       19688       19688       19688       19688
          1                               local_store         100         100         100         100
          1                                local_load         572         572         572         572
          1                               shared_load          33          33          33          33
          1                              shared_store          43          43          43          43
          1                           shared_atom_cas           0           0           0           0
          1                               shared_atom           0           0           0           0
          1                           global_atom_cas           0           0           0           0
          1                                atom_count           5           5           5           5
          1                                gred_count           0           0           0           0
          1                               global_load           6           6           6           6
          1                              global_store         254         254         254         254
          1                          divergent_branch          13          13          13          13
          1                                    branch        1400        1400        1400        1400
          1                             active_cycles      102382      102382      102382      102382
          1                              active_warps      165464      165464      165464      165464
          1                               active_ctas      162401      162401      162401      162401
          1                           sm_cta_launched           4           4           4           4
          1                   shared_ld_bank_conflict           0           0           0           0
          1                   shared_st_bank_conflict           0           0           0           0
          1                    shared_ld_transactions          61          61          61          61
          1                    shared_st_transactions          59          59          59          59
