==17660== NVPROF is profiling process 17660, command: ./v4.out
==17660== Some kernel(s) will be replayed on device 0 in order to collect all events/metrics.
==17660== Profiling application: ./v4.out
==17660== Profiling result:
==17660== Event result:
Invocations                                Event Name         Min         Max         Avg       Total
Device "NVIDIA Tegra X1 (0)"
    Kernel: GPU_minmax(unsigned int, unsigned int, unsigned char*)
          1                 tex0_cache_sector_queries         811         811         811         811
          1                 tex1_cache_sector_queries           2           2           2           2
          1                  tex0_cache_sector_misses           2           2           2           2
          1                  tex1_cache_sector_misses         736         736         736         736
          1              l2_subp0_write_sector_misses          15          15          15          15
          1              l2_subp1_write_sector_misses          31          31          31          31
          1               l2_subp0_read_sector_misses          38          38          38          38
          1               l2_subp1_read_sector_misses          38          38          38          38
          1          l2_subp0_read_tex_sector_queries         427         427         427         427
          1          l2_subp1_read_tex_sector_queries          74          74          74          74
          1         l2_subp0_write_tex_sector_queries         158         158         158         158
          1         l2_subp1_write_tex_sector_queries          79          79          79          79
          1             l2_subp0_read_tex_hit_sectors         359         359         359         359
          1             l2_subp1_read_tex_hit_sectors          95          95          95          95
          1            l2_subp0_write_tex_hit_sectors          72          72          72          72
          1            l2_subp1_write_tex_hit_sectors         165         165         165         165
          1        l2_subp0_total_read_sector_queries         159         159         159         159
          1        l2_subp1_total_read_sector_queries         629         629         629         629
          1       l2_subp0_total_write_sector_queries         161         161         161         161
          1       l2_subp1_total_write_sector_queries          99          99          99          99
          1       l2_subp0_read_sysmem_sector_queries           0           0           0           0
          1       l2_subp1_read_sysmem_sector_queries           0           0           0           0
          1      l2_subp0_write_sysmem_sector_queries           0           0           0           0
          1      l2_subp1_write_sysmem_sector_queries           0           0           0           0
          1                         elapsed_cycles_sm       73010       73010       73010       73010
          1                             gld_inst_8bit          17          17          17          17
          1                            gld_inst_16bit           0           0           0           0
          1                            gld_inst_32bit           9           9           9           9
          1                            gld_inst_64bit           0           0           0           0
          1                           gld_inst_128bit           0           0           0           0
          1                             gst_inst_8bit           9           9           9           9
          1                            gst_inst_16bit           0           0           0           0
          1                            gst_inst_32bit          10          10          10          10
          1                            gst_inst_64bit           0           0           0           0
          1                           gst_inst_128bit           0           0           0           0
          1                           prof_trigger_00           0           0           0           0
          1                           prof_trigger_01           0           0           0           0
          1                           prof_trigger_02           0           0           0           0
          1                           prof_trigger_03           0           0           0           0
          1                           prof_trigger_04           0           0           0           0
          1                           prof_trigger_05           0           0           0           0
          1                           prof_trigger_06           0           0           0           0
          1                           prof_trigger_07           0           0           0           0
          1                            warps_launched           4           4           4           4
          1                              inst_issued0       79784       79784       79784       79784
          1                              inst_issued1        2654        2654        2654        2654
          1                              inst_issued2         322         322         322         322
          1                             inst_executed        3292        3292        3292        3292
          1                      thread_inst_executed        3496        3496        3496        3496
          1   not_predicated_off_thread_inst_executed        3350        3350        3350        3350
          1                               local_store          40          40          40          40
          1                                local_load         141         141         141         141
          1                               shared_load           5           5           5           5
          1                              shared_store           7           7           7           7
          1                           shared_atom_cas           0           0           0           0
          1                               shared_atom           0           0           0           0
          1                           global_atom_cas           0           0           0           0
          1                                atom_count           0           0           0           0
          1                                gred_count           0           0           0           0
          1                               global_load           6           6           6           6
          1                              global_store           7           7           7           7
          1                          divergent_branch           0           0           0           0
          1                                    branch         415         415         415         415
          1                             active_cycles       71407       71407       71407       71407
          1                              active_warps       72568       72568       72568       72568
          1                               active_ctas       70194       70194       70194       70194
          1                           sm_cta_launched           4           4           4           4
          1                   shared_ld_bank_conflict           0           0           0           0
          1                   shared_st_bank_conflict           0           0           0           0
          1                    shared_ld_transactions          10          10          10          10
          1                    shared_st_transactions          11          11          11          11
