Flat profile:

Each sample counts as 0.01 seconds.
  %   cumulative   self              self     total           
 time   seconds   seconds    calls  ms/call  ms/call  name    
 23.33      0.21     0.21   598488     0.00     0.00  possibleMoves
 23.33      0.42     0.21   546248     0.00     0.00  destroyMovesArray
 11.11      0.52     0.10 12453551     0.00     0.00  createNimply
 10.00      0.61     0.09        1    90.00   900.00  minmax
  5.56      0.66     0.05   546248     0.00     0.00  deepcopyNim
  4.44      0.70     0.04 11908372     0.00     0.00  destroyNimply
  4.44      0.74     0.04  1040255     0.00     0.00  createResult
  3.33      0.77     0.03  1092496     0.00     0.00  createStackEntry
  3.33      0.80     0.03  1092496     0.00     0.00  stackPush
  3.33      0.83     0.03   598490     0.00     0.00  isNotEnded
  2.22      0.85     0.02  1092496     0.00     0.00  stackPop
  2.22      0.87     0.02   546247     0.00     0.00  resultArrayPush
  1.11      0.88     0.01  1040256     0.00     0.00  destroyResult
  1.11      0.89     0.01   546248     0.00     0.00  createResultArray
  1.11      0.90     0.01    26120     0.00     0.00  maxResultArray
  0.00      0.90     0.00   546249     0.00     0.00  destroyNim
  0.00      0.90     0.00   546249     0.00     0.00  nimming
  0.00      0.90     0.00    26120     0.00     0.00  minResultArray
  0.00      0.90     0.00        3     0.00     0.00  printNim
  0.00      0.90     0.00        1     0.00     0.00  createNim
  0.00      0.90     0.00        1     0.00     0.00  createStack
  0.00      0.90     0.00        1     0.00     0.00  destroyStack
  0.00      0.90     0.00        1     0.00     0.00  randomStrategy

			Call graph


granularity: each sample hit covers 4 byte(s) for 1.11% of 0.90 seconds

index % time    self  children    called     name
                                                 <spontaneous>
[1]    100.0    0.00    0.90                 main [1]
                0.09    0.81       1/1           minmax [2]
                0.00    0.00       1/1           randomStrategy [17]
                0.00    0.00       3/598490      isNotEnded [11]
                0.00    0.00       1/11908372     destroyNimply [7]
                0.00    0.00       2/3           printNim [21]
                0.00    0.00       1/1           createNim [22]
                0.00    0.00       1/546249      nimming [19]
                0.00    0.00       1/546249      destroyNim [18]
-----------------------------------------------
                0.09    0.81       1/1           main [1]
[2]    100.0    0.09    0.81       1         minmax [2]
                0.21    0.10  598487/598488      possibleMoves [3]
                0.21    0.04  546247/546248      destroyMovesArray [4]
                0.05    0.00  546248/546248      deepcopyNim [6]
                0.04    0.00 1040255/1040255     createResult [8]
                0.03    0.00 1092496/1092496     createStackEntry [9]
                0.03    0.00 1092496/1092496     stackPush [10]
                0.03    0.00  598487/598490      isNotEnded [11]
                0.02    0.00 1092496/1092496     stackPop [12]
                0.02    0.00  546247/546247      resultArrayPush [13]
                0.01    0.00 1040256/1040256     destroyResult [14]
                0.01    0.00  546248/546248      createResultArray [15]
                0.01    0.00   26120/26120       maxResultArray [16]
                0.00    0.00  546248/546249      destroyNim [18]
                0.00    0.00  546247/546249      nimming [19]
                0.00    0.00   26120/26120       minResultArray [20]
                0.00    0.00       1/1           createStack [23]
                0.00    0.00       1/1           destroyStack [24]
-----------------------------------------------
                0.00    0.00       1/598488      randomStrategy [17]
                0.21    0.10  598487/598488      minmax [2]
[3]     34.4    0.21    0.10  598488         possibleMoves [3]
                0.10    0.00 12453551/12453551     createNimply [5]
-----------------------------------------------
                0.00    0.00       1/546248      randomStrategy [17]
                0.21    0.04  546247/546248      minmax [2]
[4]     27.6    0.21    0.04  546248         destroyMovesArray [4]
                0.04    0.00 11387177/11908372     destroyNimply [7]
-----------------------------------------------
                0.10    0.00 12453551/12453551     possibleMoves [3]
[5]     11.1    0.10    0.00 12453551         createNimply [5]
-----------------------------------------------
                0.05    0.00  546248/546248      minmax [2]
[6]      5.6    0.05    0.00  546248         deepcopyNim [6]
-----------------------------------------------
                0.00    0.00       1/11908372     main [1]
                0.00    0.00  521194/11908372     destroyResult [14]
                0.04    0.00 11387177/11908372     destroyMovesArray [4]
[7]      4.4    0.04    0.00 11908372         destroyNimply [7]
-----------------------------------------------
                0.04    0.00 1040255/1040255     minmax [2]
[8]      4.4    0.04    0.00 1040255         createResult [8]
-----------------------------------------------
                0.03    0.00 1092496/1092496     minmax [2]
[9]      3.3    0.03    0.00 1092496         createStackEntry [9]
-----------------------------------------------
                0.03    0.00 1092496/1092496     minmax [2]
[10]     3.3    0.03    0.00 1092496         stackPush [10]
-----------------------------------------------
                0.00    0.00       3/598490      main [1]
                0.03    0.00  598487/598490      minmax [2]
[11]     3.3    0.03    0.00  598490         isNotEnded [11]
-----------------------------------------------
                0.02    0.00 1092496/1092496     minmax [2]
[12]     2.2    0.02    0.00 1092496         stackPop [12]
-----------------------------------------------
                0.02    0.00  546247/546247      minmax [2]
[13]     2.2    0.02    0.00  546247         resultArrayPush [13]
-----------------------------------------------
                0.01    0.00 1040256/1040256     minmax [2]
[14]     1.3    0.01    0.00 1040256         destroyResult [14]
                0.00    0.00  521194/11908372     destroyNimply [7]
-----------------------------------------------
                0.01    0.00  546248/546248      minmax [2]
[15]     1.1    0.01    0.00  546248         createResultArray [15]
-----------------------------------------------
                0.01    0.00   26120/26120       minmax [2]
[16]     1.1    0.01    0.00   26120         maxResultArray [16]
-----------------------------------------------
                0.00    0.00       1/1           main [1]
[17]     0.0    0.00    0.00       1         randomStrategy [17]
                0.00    0.00       1/598488      possibleMoves [3]
                0.00    0.00       1/546248      destroyMovesArray [4]
                0.00    0.00       1/546249      nimming [19]
                0.00    0.00       1/3           printNim [21]
-----------------------------------------------
                0.00    0.00       1/546249      main [1]
                0.00    0.00  546248/546249      minmax [2]
[18]     0.0    0.00    0.00  546249         destroyNim [18]
-----------------------------------------------
                0.00    0.00       1/546249      main [1]
                0.00    0.00       1/546249      randomStrategy [17]
                0.00    0.00  546247/546249      minmax [2]
[19]     0.0    0.00    0.00  546249         nimming [19]
-----------------------------------------------
                0.00    0.00   26120/26120       minmax [2]
[20]     0.0    0.00    0.00   26120         minResultArray [20]
-----------------------------------------------
                0.00    0.00       1/3           randomStrategy [17]
                0.00    0.00       2/3           main [1]
[21]     0.0    0.00    0.00       3         printNim [21]
-----------------------------------------------
                0.00    0.00       1/1           main [1]
[22]     0.0    0.00    0.00       1         createNim [22]
-----------------------------------------------
                0.00    0.00       1/1           minmax [2]
[23]     0.0    0.00    0.00       1         createStack [23]
-----------------------------------------------
                0.00    0.00       1/1           minmax [2]
[24]     0.0    0.00    0.00       1         destroyStack [24]
-----------------------------------------------

Index by function name

  [22] createNim              [18] destroyNim             [19] nimming
   [5] createNimply            [7] destroyNimply           [3] possibleMoves
   [8] createResult           [14] destroyResult          [21] printNim
  [15] createResultArray      [24] destroyStack           [17] randomStrategy
  [23] createStack            [11] isNotEnded             [13] resultArrayPush
   [9] createStackEntry       [16] maxResultArray         [12] stackPop
   [6] deepcopyNim            [20] minResultArray         [10] stackPush
   [4] destroyMovesArray       [2] minmax
