==13313== NVPROF is profiling process 13313, command: ./v2.out
==13313== Some kernel(s) will be replayed on device 0 in order to collect all events/metrics.
==13313== Profiling application: ./v2.out
==13313== Profiling result:
==13313== Metric result:
Invocations                               Metric Name                                                    Metric Description         Min         Max         Avg
Device "NVIDIA Tegra X1 (0)"
    Kernel: GPU_minmax(unsigned int, unsigned int, unsigned char, unsigned char*)
          1                             sm_efficiency                                               Multiprocessor Activity     100.00%     100.00%     100.00%
          1                        achieved_occupancy                                                    Achieved Occupancy    0.251575    0.251575    0.251575
          1                                       ipc                                                          Executed IPC    0.864468    0.864468    0.864468
          1                                issued_ipc                                                            Issued IPC    0.864498    0.864498    0.864498
          1                             inst_per_warp                                                 Instructions per warp  1.7593e+07  1.7593e+07  1.7593e+07
          1                         branch_efficiency                                                     Branch Efficiency      94.87%      94.87%      94.87%
          1                 warp_execution_efficiency                                             Warp Execution Efficiency      31.38%      31.38%      31.38%
          1         warp_nonpred_execution_efficiency                              Warp Non-Predicated Execution Efficiency      29.55%      29.55%      29.55%
          1                      inst_replay_overhead                                           Instruction Replay Overhead    0.000019    0.000019    0.000019
          1                    issue_slot_utilization                                                Issue Slot Utilization      19.85%      19.85%      19.85%
          1      shared_load_transactions_per_request                           Shared Memory Load Transactions Per Request    0.977201    0.977201    0.977201
          1     shared_store_transactions_per_request                          Shared Memory Store Transactions Per Request    1.000000    1.000000    1.000000
          1       local_load_transactions_per_request                            Local Memory Load Transactions Per Request    6.826729    6.826729    6.826729
          1      local_store_transactions_per_request                           Local Memory Store Transactions Per Request    3.853607    3.853607    3.853607
          1              gst_transactions_per_request                                 Global Store Transactions Per Request    0.000017    0.000017    0.000017
          1                 shared_store_transactions                                             Shared Store Transactions        1635        1635        1635
          1                  shared_load_transactions                                              Shared Load Transactions        1543        1543        1543
          1                   local_load_transactions                                               Local Load Transactions   680913637   680913637   680913637
          1                  local_store_transactions                                              Local Store Transactions   179111981   179111981   179111981
          1                          gst_transactions                                             Global Store Transactions          37          37          37
          1                           global_hit_rate                                     Global Hit Rate in unified l1/tex     100.00%     100.00%     100.00%
          1                            local_hit_rate                                                        Local Hit Rate      43.14%      43.14%      43.14%
          1                  gld_requested_throughput                                      Requested Global Load Throughput  4.5889MB/s  4.5889MB/s  4.5889MB/s
          1                  gst_requested_throughput                                     Requested Global Store Throughput  4.5889MB/s  4.5889MB/s  4.5889MB/s
          1                            gld_throughput                                                Global Load Throughput  36.711MB/s  36.711MB/s  36.711MB/s
          1                            gst_throughput                                               Global Store Throughput  656.000B/s  656.000B/s  655.000B/s
          1                      tex_cache_throughput                                              Unified Cache Throughput  6.1667GB/s  6.1667GB/s  6.1667GB/s
          1                     local_load_throughput                                          Local Memory Load Throughput  11.252GB/s  11.252GB/s  11.252GB/s
          1                    local_store_throughput                                         Local Memory Store Throughput  2.9597GB/s  2.9597GB/s  2.9597GB/s
          1                    shared_load_throughput                                         Shared Memory Load Throughput  106.94KB/s  106.94KB/s  106.94KB/s
          1                   shared_store_throughput                                        Shared Memory Store Throughput  113.32KB/s  113.32KB/s  113.32KB/s
          1                            gld_efficiency                                         Global Memory Load Efficiency      12.50%      12.50%      12.50%
          1                            gst_efficiency                                        Global Memory Store Efficiency  732963.94%  732963.94%  732963.94%
          1                    tex_cache_transactions                                            Unified Cache Transactions   373187975   373187975   373187975
          1                         cf_fu_utilization                                Control-Flow Function Unit Utilization     Low (1)     Low (1)     Low (1)
          1                        tex_fu_utilization                                     Texture Function Unit Utilization     Low (2)     Low (2)     Low (2)
          1                       ldst_fu_utilization                                  Load/Store Function Unit Utilization     Low (1)     Low (1)     Low (1)
          1           double_precision_fu_utilization                            Double-Precision Function Unit Utilization    Idle (0)    Idle (0)    Idle (0)
          1                    special_fu_utilization                                     Special Function Unit Utilization    Idle (0)    Idle (0)    Idle (0)
          1           single_precision_fu_utilization                            Single-Precision Function Unit Utilization     Low (2)     Low (2)     Low (2)
          1                             flop_count_dp                           Floating Point Operations(Double Precision)           0           0           0
          1                         flop_count_dp_add                       Floating Point Operations(Double Precision Add)           0           0           0
          1                         flop_count_dp_fma                       Floating Point Operations(Double Precision FMA)           0           0           0
          1                         flop_count_dp_mul                       Floating Point Operations(Double Precision Mul)           0           0           0
          1                             flop_count_sp                           Floating Point Operations(Single Precision)           0           0           0
          1                         flop_count_sp_add                       Floating Point Operations(Single Precision Add)           0           0           0
          1                         flop_count_sp_fma                       Floating Point Operations(Single Precision FMA)           0           0           0
          1                         flop_count_sp_mul                        Floating Point Operation(Single Precision Mul)           0           0           0
          1                     flop_count_sp_special                   Floating Point Operations(Single Precision Special)           0           0           0
          1                             inst_executed                                                 Instructions Executed  1266696042  1266696042  1266696042
          1                               inst_issued                                                   Instructions Issued  1266717283  1266717283  1266717283
          1                           tex_utilization                                             Unified Cache Utilization     Low (2)     Low (2)     Low (2)
          1                         shared_efficiency                                              Shared Memory Efficiency       1.55%       1.55%       1.55%
          1                        shared_utilization                                             Shared Memory Utilization     Low (1)     Low (1)     Low (1)
          1                                inst_fp_32                                               FP Instructions(Single)           0           0           0
          1                                inst_fp_64                                               FP Instructions(Double)           0           0           0
          1                              inst_integer                                                  Integer Instructions  6638379182  6638379182  6638379182
          1                          inst_bit_convert                                              Bit-Convert Instructions           0           0           0
          1                              inst_control                                             Control-Flow Instructions  1977143006  1977143006  1977143006
          1                        inst_compute_ld_st                                               Load/Store Instructions  2124613981  2124613981  2124613981
          1                                 inst_misc                                                     Misc Instructions  1237084764  1237084764  1237084764
          1           inst_inter_thread_communication                                             Inter-Thread Instructions           0           0           0
          1                               issue_slots                                                           Issue Slots  1163444743  1163444743  1163444743
          1                                 cf_issued                                      Issued Control-Flow Instructions   318164966   318164966   318164966
          1                               cf_executed                                    Executed Control-Flow Instructions   318164966   318164966   318164966
          1                               ldst_issued                                        Issued Load/Store Instructions   462433591   462433591   462433591
          1                             ldst_executed                                      Executed Load/Store Instructions   170167991   170167991   170167991
          1                       atomic_transactions                                                   Atomic Transactions           0           0           0
          1           atomic_transactions_per_request                                       Atomic Transactions Per Request    0.000000    0.000000    0.000000
          1                inst_executed_global_loads                              Warp level instructions for global loads     2169564     2169564     2169564
          1                 inst_executed_local_loads                               Warp level instructions for local loads    99742303    99742303    99742303
          1                inst_executed_shared_loads                              Warp level instructions for shared loads        1579        1579        1579
          1               inst_executed_surface_loads                             Warp level instructions for surface loads           0           0           0
          1               inst_executed_global_stores                             Warp level instructions for global stores     2169637     2169637     2169637
          1                inst_executed_local_stores                              Warp level instructions for local stores    46479045    46479045    46479045
          1               inst_executed_shared_stores                             Warp level instructions for shared stores        1635        1635        1635
          1              inst_executed_surface_stores                            Warp level instructions for surface stores           0           0           0
          1              inst_executed_global_atomics                  Warp level instructions for global atom and atom cas           0           0           0
          1           inst_executed_global_reductions                         Warp level instructions for global reductions           0           0           0
          1             inst_executed_surface_atomics                 Warp level instructions for surface atom and atom cas           0           0           0
          1          inst_executed_surface_reductions                        Warp level instructions for surface reductions           0           0           0
          1              inst_executed_shared_atomics                  Warp level shared instructions for atom and atom CAS           0           0           0
          1                     inst_executed_tex_ops                                   Warp level instructions for texture      180706      180706      180706
          1                      l2_global_load_bytes       Bytes read from L2 for misses in Unified Cache for global loads           0           0           0
          1                       l2_local_load_bytes        Bytes read from L2 for misses in Unified Cache for local loads  1.2390e+10  1.2390e+10  1.2390e+10
          1                     l2_surface_load_bytes      Bytes read from L2 for misses in Unified Cache for surface loads           0           0           0
          1               l2_local_global_store_bytes   Bytes written to L2 from Unified Cache for local and global stores.  5731584576  5731584576  5731584576
          1                 l2_global_reduction_bytes          Bytes written to L2 from Unified cache for global reductions           0           0           0
          1              l2_global_atomic_store_bytes             Bytes written to L2 from Unified cache for global atomics           0           0           0
          1                    l2_surface_store_bytes            Bytes written to L2 from Unified Cache for surface stores.           0           0           0
          1                l2_surface_reduction_bytes         Bytes written to L2 from Unified Cache for surface reductions           0           0           0
          1             l2_surface_atomic_store_bytes    Bytes transferred between Unified Cache and L2 for surface atomics           0           0           0
          1                      global_load_requests              Total number of global load requests from Multiprocessor           0           0           0
          1                       local_load_requests               Total number of local load requests from Multiprocessor   371748474   371748474   371748474
          1                     surface_load_requests             Total number of surface load requests from Multiprocessor           0           0           0
          1                     global_store_requests             Total number of global store requests from Multiprocessor          37          37          37
          1                      local_store_requests              Total number of local store requests from Multiprocessor   143901276   143901276   143901276
          1                    surface_store_requests            Total number of surface store requests from Multiprocessor           0           0           0
          1                    global_atomic_requests            Total number of global atomic requests from Multiprocessor           0           0           0
          1                 global_reduction_requests         Total number of global reduction requests from Multiprocessor           0           0           0
          1                   surface_atomic_requests           Total number of surface atomic requests from Multiprocessor           0           0           0
          1                surface_reduction_requests        Total number of surface reduction requests from Multiprocessor           0           0           0
          1                     texture_load_requests             Total number of texture Load requests from Multiprocessor           0           0           0
          1                          stall_inst_fetch                              Issue Stall Reasons (Instructions Fetch)      11.06%      11.06%      11.06%
          1                     stall_exec_dependency                            Issue Stall Reasons (Execution Dependency)      17.54%      17.54%      17.54%
          1                   stall_memory_dependency                                    Issue Stall Reasons (Data Request)      54.85%      54.85%      54.85%
          1                             stall_texture                                         Issue Stall Reasons (Texture)       0.00%       0.00%       0.00%
          1                                stall_sync                                 Issue Stall Reasons (Synchronization)       8.27%       8.27%       8.27%
          1                               stall_other                                           Issue Stall Reasons (Other)       6.77%       6.77%       6.77%
          1          stall_constant_memory_dependency                              Issue Stall Reasons (Immediate constant)       0.00%       0.00%       0.00%
          1                           stall_pipe_busy                                       Issue Stall Reasons (Pipe Busy)       0.46%       0.46%       0.46%
          1                     stall_memory_throttle                                 Issue Stall Reasons (Memory Throttle)       0.00%       0.00%       0.00%
          1                        stall_not_selected                                    Issue Stall Reasons (Not Selected)       1.05%       1.05%       1.05%
          1                  sysmem_read_transactions                                       System Memory Read Transactions           0           0           0
          1                 sysmem_write_transactions                                      System Memory Write Transactions           0           0           0
          1                      l2_read_transactions                                                  L2 Read Transactions   391347764   391347764   391347764
          1                     l2_write_transactions                                                 L2 Write Transactions   179166139   179166139   179166139
          1                     local_memory_overhead                                                 Local Memory Overhead      99.27%      99.27%      99.27%
          1                        tex_cache_hit_rate                                                Unified Cache Hit Rate      40.46%      40.46%      40.46%
          1                    l2_tex_read_throughput                                         L2 Throughput (Texture Reads)  6.3980GB/s  6.3980GB/s  6.3980GB/s
          1                   l2_tex_write_throughput                                        L2 Throughput (Texture Writes)  2.9596GB/s  2.9596GB/s  2.9596GB/s
          1                  l2_tex_read_transactions                                       L2 Transactions (Texture Reads)   387183390   387183390   387183390
          1                 l2_tex_write_transactions                                      L2 Transactions (Texture Writes)   179103604   179103604   179103604
          1                        l2_read_throughput                                                 L2 Throughput (Reads)  6.4668GB/s  6.4668GB/s  6.4668GB/s
          1                       l2_write_throughput                                                L2 Throughput (Writes)  2.9606GB/s  2.9606GB/s  2.9606GB/s
          1                    sysmem_read_throughput                                         System Memory Read Throughput  0.00000B/s  0.00000B/s  0.00000B/s
          1                   sysmem_write_throughput                                        System Memory Write Throughput  0.00000B/s  0.00000B/s  0.00000B/s
          1                      l2_atomic_throughput                                       L2 Throughput (Atomic requests)  0.00000B/s  0.00000B/s  0.00000B/s
          1                    l2_atomic_transactions                                     L2 Transactions (Atomic requests)           0           0           0
          1                         sysmem_read_bytes                                              System Memory Read Bytes           0           0           0
          1                        sysmem_write_bytes                                             System Memory Write Bytes           0           0           0
          1                          gld_transactions                                              Global Load Transactions           2           2           2
          1              gld_transactions_per_request                                  Global Load Transactions Per Request    0.000001    0.000001    0.000001
          1                            l2_utilization                                                  L2 Cache Utilization     Low (1)     Low (1)     Low (1)
          1                          dram_utilization                                             Device Memory Utilization    Max (10)    Max (10)    Max (10)
          1                             flop_count_hp                             Floating Point Operations(Half Precision)           0           0           0
          1                         flop_count_hp_add                         Floating Point Operations(Half Precision Add)           0           0           0
          1                         flop_count_hp_fma                         Floating Point Operations(Half Precision FMA)           0           0           0
          1                         flop_count_hp_mul                          Floating Point Operation(Half Precision Mul)           0           0           0
          1                        flop_hp_efficiency                                            FLOP Efficiency(Peak Half)       0.00%       0.00%       0.00%
          1                                inst_fp_16                                                 HP Instructions(Half)           0           0           0
          1             half_precision_fu_utilization                              Half-Precision Function Unit Utilization    Idle (0)    Idle (0)    Idle (0)
          1                  eligible_warps_per_cycle                                       Eligible Warps Per Active Cycle    1.007986    1.007986    1.007986
          1                        flop_sp_efficiency                                          FLOP Efficiency(Peak Single)       0.00%       0.00%       0.00%
          1                        flop_dp_efficiency                                          FLOP Efficiency(Peak Double)       0.00%       0.00%       0.00%
