Flat profile:

Each sample counts as 0.01 seconds.
  %   cumulative   self              self     total           
 time   seconds   seconds    calls  ms/call  ms/call  name    
100.00      0.01     0.01    15346     0.00     0.00  createStackEntry
  0.00      0.01     0.00    58669     0.00     0.00  createNimply
  0.00      0.01     0.00    51349     0.00     0.00  destroyNimply
  0.00      0.01     0.00    15346     0.00     0.00  stackPop
  0.00      0.01     0.00    15346     0.00     0.00  stackPush
  0.00      0.01     0.00    12641     0.00     0.00  destroyResult
  0.00      0.01     0.00    12640     0.00     0.00  createResult
  0.00      0.01     0.00    10507     0.00     0.00  isNotEnded
  0.00      0.01     0.00    10378     0.00     0.00  possibleMoves
  0.00      0.01     0.00     7674     0.00     0.00  destroyNim
  0.00      0.01     0.00     7674     0.00     0.00  nimming
  0.00      0.01     0.00     7673     0.00     0.00  createResultArray
  0.00      0.01     0.00     7673     0.00     0.00  deepcopyNim
  0.00      0.01     0.00     7673     0.00     0.00  destroyMovesArray
  0.00      0.01     0.00     7672     0.00     0.00  resultArrayPush
  0.00      0.01     0.00     1378     0.00     0.00  minResultArray
  0.00      0.01     0.00     1327     0.00     0.00  maxResultArray
  0.00      0.01     0.00        3     0.00     0.00  printNim
  0.00      0.01     0.00        1     0.00     0.00  createNim
  0.00      0.01     0.00        1     0.00     0.00  createStack
  0.00      0.01     0.00        1     0.00     0.00  destroyStack
  0.00      0.01     0.00        1     0.00    10.00  minmax
  0.00      0.01     0.00        1     0.00     0.00  randomStrategy

			Call graph


granularity: each sample hit covers 4 byte(s) for 100.00% of 0.01 seconds

index % time    self  children    called     name
                0.01    0.00   15346/15346       minmax [2]
[1]    100.0    0.01    0.00   15346         createStackEntry [1]
-----------------------------------------------
                0.00    0.01       1/1           main [3]
[2]    100.0    0.00    0.01       1         minmax [2]
                0.01    0.00   15346/15346       createStackEntry [1]
                0.00    0.00   15346/15346       stackPush [7]
                0.00    0.00   15346/15346       stackPop [6]
                0.00    0.00   12641/12641       destroyResult [8]
                0.00    0.00   12640/12640       createResult [9]
                0.00    0.00   10504/10507       isNotEnded [10]
                0.00    0.00   10377/10378       possibleMoves [11]
                0.00    0.00    7673/7673        deepcopyNim [15]
                0.00    0.00    7673/7673        createResultArray [14]
                0.00    0.00    7673/7674        destroyNim [12]
                0.00    0.00    7672/7672        resultArrayPush [17]
                0.00    0.00    7672/7674        nimming [13]
                0.00    0.00    7672/7673        destroyMovesArray [16]
                0.00    0.00    1378/1378        minResultArray [18]
                0.00    0.00    1327/1327        maxResultArray [19]
                0.00    0.00       1/1           createStack [22]
                0.00    0.00       1/1           destroyStack [23]
-----------------------------------------------
                                                 <spontaneous>
[3]    100.0    0.00    0.01                 main [3]
                0.00    0.01       1/1           minmax [2]
                0.00    0.00       3/10507       isNotEnded [10]
                0.00    0.00       2/3           printNim [20]
                0.00    0.00       1/1           createNim [21]
                0.00    0.00       1/7674        nimming [13]
                0.00    0.00       1/51349       destroyNimply [5]
                0.00    0.00       1/1           randomStrategy [24]
                0.00    0.00       1/7674        destroyNim [12]
-----------------------------------------------
                0.00    0.00   58669/58669       possibleMoves [11]
[4]      0.0    0.00    0.00   58669         createNimply [4]
-----------------------------------------------
                0.00    0.00       1/51349       main [3]
                0.00    0.00    6464/51349       destroyResult [8]
                0.00    0.00   44884/51349       destroyMovesArray [16]
[5]      0.0    0.00    0.00   51349         destroyNimply [5]
-----------------------------------------------
                0.00    0.00   15346/15346       minmax [2]
[6]      0.0    0.00    0.00   15346         stackPop [6]
-----------------------------------------------
                0.00    0.00   15346/15346       minmax [2]
[7]      0.0    0.00    0.00   15346         stackPush [7]
-----------------------------------------------
                0.00    0.00   12641/12641       minmax [2]
[8]      0.0    0.00    0.00   12641         destroyResult [8]
                0.00    0.00    6464/51349       destroyNimply [5]
-----------------------------------------------
                0.00    0.00   12640/12640       minmax [2]
[9]      0.0    0.00    0.00   12640         createResult [9]
-----------------------------------------------
                0.00    0.00       3/10507       main [3]
                0.00    0.00   10504/10507       minmax [2]
[10]     0.0    0.00    0.00   10507         isNotEnded [10]
-----------------------------------------------
                0.00    0.00       1/10378       randomStrategy [24]
                0.00    0.00   10377/10378       minmax [2]
[11]     0.0    0.00    0.00   10378         possibleMoves [11]
                0.00    0.00   58669/58669       createNimply [4]
-----------------------------------------------
                0.00    0.00       1/7674        main [3]
                0.00    0.00    7673/7674        minmax [2]
[12]     0.0    0.00    0.00    7674         destroyNim [12]
-----------------------------------------------
                0.00    0.00       1/7674        main [3]
                0.00    0.00       1/7674        randomStrategy [24]
                0.00    0.00    7672/7674        minmax [2]
[13]     0.0    0.00    0.00    7674         nimming [13]
-----------------------------------------------
                0.00    0.00    7673/7673        minmax [2]
[14]     0.0    0.00    0.00    7673         createResultArray [14]
-----------------------------------------------
                0.00    0.00    7673/7673        minmax [2]
[15]     0.0    0.00    0.00    7673         deepcopyNim [15]
-----------------------------------------------
                0.00    0.00       1/7673        randomStrategy [24]
                0.00    0.00    7672/7673        minmax [2]
[16]     0.0    0.00    0.00    7673         destroyMovesArray [16]
                0.00    0.00   44884/51349       destroyNimply [5]
-----------------------------------------------
                0.00    0.00    7672/7672        minmax [2]
[17]     0.0    0.00    0.00    7672         resultArrayPush [17]
-----------------------------------------------
                0.00    0.00    1378/1378        minmax [2]
[18]     0.0    0.00    0.00    1378         minResultArray [18]
-----------------------------------------------
                0.00    0.00    1327/1327        minmax [2]
[19]     0.0    0.00    0.00    1327         maxResultArray [19]
-----------------------------------------------
                0.00    0.00       1/3           randomStrategy [24]
                0.00    0.00       2/3           main [3]
[20]     0.0    0.00    0.00       3         printNim [20]
-----------------------------------------------
                0.00    0.00       1/1           main [3]
[21]     0.0    0.00    0.00       1         createNim [21]
-----------------------------------------------
                0.00    0.00       1/1           minmax [2]
[22]     0.0    0.00    0.00       1         createStack [22]
-----------------------------------------------
                0.00    0.00       1/1           minmax [2]
[23]     0.0    0.00    0.00       1         destroyStack [23]
-----------------------------------------------
                0.00    0.00       1/1           main [3]
[24]     0.0    0.00    0.00       1         randomStrategy [24]
                0.00    0.00       1/10378       possibleMoves [11]
                0.00    0.00       1/7674        nimming [13]
                0.00    0.00       1/3           printNim [20]
                0.00    0.00       1/7673        destroyMovesArray [16]
-----------------------------------------------

Index by function name

  [21] createNim              [12] destroyNim             [13] nimming
   [4] createNimply            [5] destroyNimply          [11] possibleMoves
   [9] createResult            [8] destroyResult          [20] printNim
  [14] createResultArray      [23] destroyStack           [24] randomStrategy
  [22] createStack            [10] isNotEnded             [17] resultArrayPush
   [1] createStackEntry       [19] maxResultArray          [6] stackPop
  [15] deepcopyNim            [18] minResultArray          [7] stackPush
  [16] destroyMovesArray       [2] minmax
