==10187== NVPROF is profiling process 10187, command: ./v2.out
==10187== Some kernel(s) will be replayed on device 0 in order to collect all events/metrics.
==10187== Profiling application: ./v2.out
==10187== Profiling result:
==10187== Metric result:
Invocations                               Metric Name                                                    Metric Description         Min         Max         Avg
Device "NVIDIA Tegra X1 (0)"
    Kernel: GPU_minmax(unsigned int, unsigned int, unsigned char, unsigned char*)
          1                             sm_efficiency                                               Multiprocessor Activity      99.99%      99.99%      99.99%
          1                        achieved_occupancy                                                    Achieved Occupancy    0.175783    0.175783    0.175783
          1                                       ipc                                                          Executed IPC    0.560480    0.560480    0.560480
          1                                issued_ipc                                                            Issued IPC    0.560659    0.560659    0.560659
          1                             inst_per_warp                                                 Instructions per warp  9.5193e+05  9.5193e+05  9.5193e+05
          1                         branch_efficiency                                                     Branch Efficiency      97.43%      97.43%      97.43%
          1                 warp_execution_efficiency                                             Warp Execution Efficiency      13.49%      13.49%      13.49%
          1         warp_nonpred_execution_efficiency                              Warp Non-Predicated Execution Efficiency      12.91%      12.91%      12.91%
          1                      inst_replay_overhead                                           Instruction Replay Overhead    0.000037    0.000037    0.000037
          1                    issue_slot_utilization                                                Issue Slot Utilization      12.64%      12.64%      12.64%
          1      shared_load_transactions_per_request                           Shared Memory Load Transactions Per Request    0.956284    0.956284    0.956284
          1     shared_store_transactions_per_request                          Shared Memory Store Transactions Per Request    1.000000    1.000000    1.000000
          1       local_load_transactions_per_request                            Local Memory Load Transactions Per Request    3.518377    3.518377    3.518377
          1      local_store_transactions_per_request                           Local Memory Store Transactions Per Request    2.127439    2.127439    2.127439
          1              gst_transactions_per_request                                 Global Store Transactions Per Request    0.000456    0.000456    0.000456
          1                 shared_store_transactions                                             Shared Store Transactions         366         366         366
          1                  shared_load_transactions                                              Shared Load Transactions         350         350         350
          1                   local_load_transactions                                               Local Load Transactions     5699243     5699243     5699243
          1                  local_store_transactions                                              Local Store Transactions     1686651     1686651     1686651
          1                          gst_transactions                                             Global Store Transactions          17          17          17
          1                           global_hit_rate                                     Global Hit Rate in unified l1/tex     100.00%     100.00%     100.00%
          1                            local_hit_rate                                                        Local Hit Rate      37.91%      37.91%      37.91%
          1                  gld_requested_throughput                                      Requested Global Load Throughput  4.7543MB/s  4.7543MB/s  4.7543MB/s
          1                  gst_requested_throughput                                     Requested Global Store Throughput  4.7548MB/s  4.7548MB/s  4.7548MB/s
          1                            gld_throughput                                                Global Load Throughput  38.034MB/s  38.034MB/s  38.034MB/s
          1                            gst_throughput                                               Global Store Throughput  17.775KB/s  17.775KB/s  17.774KB/s
          1                      tex_cache_throughput                                              Unified Cache Throughput  3.3315GB/s  3.3315GB/s  3.3315GB/s
          1                     local_load_throughput                                          Local Memory Load Throughput  5.6832GB/s  5.6832GB/s  5.6832GB/s
          1                    local_store_throughput                                         Local Memory Store Throughput  1.6819GB/s  1.6819GB/s  1.6819GB/s
          1                    shared_load_throughput                                         Shared Memory Load Throughput  1.4296MB/s  1.4296MB/s  1.4296MB/s
          1                   shared_store_throughput                                        Shared Memory Store Throughput  1.4949MB/s  1.4949MB/s  1.4949MB/s
          1                            gld_efficiency                                         Global Memory Load Efficiency      12.50%      12.50%      12.50%
          1                            gst_efficiency                                        Global Memory Store Efficiency   27391.36%   27391.36%   27391.36%
          1                    tex_cache_transactions                                            Unified Cache Transactions     3340957     3340957     3340957
          1                         cf_fu_utilization                                Control-Flow Function Unit Utilization     Low (1)     Low (1)     Low (1)
          1                        tex_fu_utilization                                     Texture Function Unit Utilization     Low (1)     Low (1)     Low (1)
          1                       ldst_fu_utilization                                  Load/Store Function Unit Utilization     Low (1)     Low (1)     Low (1)
          1           double_precision_fu_utilization                            Double-Precision Function Unit Utilization    Idle (0)    Idle (0)    Idle (0)
          1                    special_fu_utilization                                     Special Function Unit Utilization    Idle (0)    Idle (0)    Idle (0)
          1           single_precision_fu_utilization                            Single-Precision Function Unit Utilization     Low (1)     Low (1)     Low (1)
          1                             flop_count_dp                           Floating Point Operations(Double Precision)           0           0           0
          1                         flop_count_dp_add                       Floating Point Operations(Double Precision Add)           0           0           0
          1                         flop_count_dp_fma                       Floating Point Operations(Double Precision FMA)           0           0           0
          1                         flop_count_dp_mul                       Floating Point Operations(Double Precision Mul)           0           0           0
          1                             flop_count_sp                           Floating Point Operations(Single Precision)           0           0           0
          1                         flop_count_sp_add                       Floating Point Operations(Single Precision Add)           0           0           0
          1                         flop_count_sp_fma                       Floating Point Operations(Single Precision FMA)           0           0           0
          1                         flop_count_sp_mul                        Floating Point Operation(Single Precision Mul)           0           0           0
          1                     flop_count_sp_special                   Floating Point Operations(Single Precision Special)           0           0           0
          1                             inst_executed                                                 Instructions Executed    15230817    15230817    15230817
          1                               inst_issued                                                   Instructions Issued    15231348    15231348    15231348
          1                           tex_utilization                                             Unified Cache Utilization     Low (1)     Low (1)     Low (1)
          1                         shared_efficiency                                              Shared Memory Efficiency       1.56%       1.56%       1.56%
          1                        shared_utilization                                             Shared Memory Utilization     Low (1)     Low (1)     Low (1)
          1                                inst_fp_32                                               FP Instructions(Single)           0           0           0
          1                                inst_fp_64                                               FP Instructions(Double)           0           0           0
          1                              inst_integer                                                  Integer Instructions    33586301    33586301    33586301
          1                          inst_bit_convert                                              Bit-Convert Instructions           0           0           0
          1                              inst_control                                             Control-Flow Instructions     8568208     8568208     8568208
          1                        inst_compute_ld_st                                               Load/Store Instructions    13300459    13300459    13300459
          1                                 inst_misc                                                     Misc Instructions     7443031     7443031     7443031
          1           inst_inter_thread_communication                                             Inter-Thread Instructions           0           0           0
          1                               issue_slots                                                           Issue Slots    13732856    13732856    13732856
          1                                 cf_issued                                      Issued Control-Flow Instructions     3140040     3140040     3140040
          1                               cf_executed                                    Executed Control-Flow Instructions     3140040     3140040     3140040
          1                               ldst_issued                                        Issued Load/Store Instructions     4583577     4583577     4583577
          1                             ldst_executed                                      Executed Load/Store Instructions     2822384     2822384     2822384
          1                       atomic_transactions                                                   Atomic Transactions           0           0           0
          1           atomic_transactions_per_request                                       Atomic Transactions Per Request    0.000000    0.000000    0.000000
          1                inst_executed_global_loads                              Warp level instructions for global loads       37248       37248       37248
          1                 inst_executed_local_loads                               Warp level instructions for local loads     1619850     1619850     1619850
          1                inst_executed_shared_loads                              Warp level instructions for shared loads         366         366         366
          1               inst_executed_surface_loads                             Warp level instructions for surface loads           0           0           0
          1               inst_executed_global_stores                             Warp level instructions for global stores       37281       37281       37281
          1                inst_executed_local_stores                              Warp level instructions for local stores      792808      792808      792808
          1               inst_executed_shared_stores                             Warp level instructions for shared stores         366         366         366
          1              inst_executed_surface_stores                            Warp level instructions for surface stores           0           0           0
          1              inst_executed_global_atomics                  Warp level instructions for global atom and atom cas           0           0           0
          1           inst_executed_global_reductions                         Warp level instructions for global reductions           0           0           0
          1             inst_executed_surface_atomics                 Warp level instructions for surface atom and atom cas           0           0           0
          1          inst_executed_surface_reductions                        Warp level instructions for surface reductions           0           0           0
          1              inst_executed_shared_atomics                  Warp level shared instructions for atom and atom CAS           0           0           0
          1                     inst_executed_tex_ops                                   Warp level instructions for texture           0           0           0
          1                      l2_global_load_bytes       Bytes read from L2 for misses in Unified Cache for global loads           0           0           0
          1                       l2_local_load_bytes        Bytes read from L2 for misses in Unified Cache for local loads   113241792   113241792   113241792
          1                     l2_surface_load_bytes      Bytes read from L2 for misses in Unified Cache for surface loads           0           0           0
          1               l2_local_global_store_bytes   Bytes written to L2 from Unified Cache for local and global stores.    53973376    53973376    53973376
          1                 l2_global_reduction_bytes          Bytes written to L2 from Unified cache for global reductions           0           0           0
          1              l2_global_atomic_store_bytes             Bytes written to L2 from Unified cache for global atomics           0           0           0
          1                    l2_surface_store_bytes            Bytes written to L2 from Unified Cache for surface stores.           0           0           0
          1                l2_surface_reduction_bytes         Bytes written to L2 from Unified Cache for surface reductions           0           0           0
          1             l2_surface_atomic_store_bytes    Bytes transferred between Unified Cache and L2 for surface atomics           0           0           0
          1                      global_load_requests              Total number of global load requests from Multiprocessor           0           0           0
          1                       local_load_requests               Total number of local load requests from Multiprocessor     3340957     3340957     3340957
          1                     surface_load_requests             Total number of surface load requests from Multiprocessor           0           0           0
          1                     global_store_requests             Total number of global store requests from Multiprocessor          17          17          17
          1                      local_store_requests              Total number of local store requests from Multiprocessor     1375909     1375909     1375909
          1                    surface_store_requests            Total number of surface store requests from Multiprocessor           0           0           0
          1                    global_atomic_requests            Total number of global atomic requests from Multiprocessor           0           0           0
          1                 global_reduction_requests         Total number of global reduction requests from Multiprocessor           0           0           0
          1                   surface_atomic_requests           Total number of surface atomic requests from Multiprocessor           0           0           0
          1                surface_reduction_requests        Total number of surface reduction requests from Multiprocessor           0           0           0
          1                     texture_load_requests             Total number of texture Load requests from Multiprocessor           0           0           0
          1                          stall_inst_fetch                              Issue Stall Reasons (Instructions Fetch)      11.70%      11.70%      11.70%
          1                     stall_exec_dependency                            Issue Stall Reasons (Execution Dependency)      21.51%      21.51%      21.51%
          1                   stall_memory_dependency                                    Issue Stall Reasons (Data Request)      61.07%      61.07%      61.07%
          1                             stall_texture                                         Issue Stall Reasons (Texture)       0.00%       0.00%       0.00%
          1                                stall_sync                                 Issue Stall Reasons (Synchronization)       1.19%       1.19%       1.19%
          1                               stall_other                                           Issue Stall Reasons (Other)       4.09%       4.09%       4.09%
          1          stall_constant_memory_dependency                              Issue Stall Reasons (Immediate constant)       0.00%       0.00%       0.00%
          1                           stall_pipe_busy                                       Issue Stall Reasons (Pipe Busy)       0.19%       0.19%       0.19%
          1                     stall_memory_throttle                                 Issue Stall Reasons (Memory Throttle)       0.00%       0.00%       0.00%
          1                        stall_not_selected                                    Issue Stall Reasons (Not Selected)       0.25%       0.25%       0.25%
          1                  sysmem_read_transactions                                       System Memory Read Transactions           0           0           0
          1                 sysmem_write_transactions                                      System Memory Write Transactions           0           0           0
          1                      l2_read_transactions                                                  L2 Read Transactions     3670067     3670067     3670067
          1                     l2_write_transactions                                                 L2 Write Transactions     1686690     1686690     1686690
          1                     local_memory_overhead                                                 Local Memory Overhead     100.02%     100.02%     100.02%
          1                        tex_cache_hit_rate                                                Unified Cache Hit Rate      34.31%      34.31%      34.31%
          1                    l2_tex_read_throughput                                         L2 Throughput (Texture Reads)  3.5289GB/s  3.5289GB/s  3.5289GB/s
          1                   l2_tex_write_throughput                                        L2 Throughput (Texture Writes)  1.6819GB/s  1.6819GB/s  1.6819GB/s
          1                  l2_tex_read_transactions                                       L2 Transactions (Texture Reads)     3538931     3538931     3538931
          1                 l2_tex_write_transactions                                      L2 Transactions (Texture Writes)     1686668     1686668     1686668
          1                        l2_read_throughput                                                 L2 Throughput (Reads)  3.6597GB/s  3.6597GB/s  3.6597GB/s
          1                       l2_write_throughput                                                L2 Throughput (Writes)  1.6819GB/s  1.6819GB/s  1.6819GB/s
          1                    sysmem_read_throughput                                         System Memory Read Throughput  0.00000B/s  0.00000B/s  0.00000B/s
          1                   sysmem_write_throughput                                        System Memory Write Throughput  0.00000B/s  0.00000B/s  0.00000B/s
          1                      l2_atomic_throughput                                       L2 Throughput (Atomic requests)  0.00000B/s  0.00000B/s  0.00000B/s
          1                    l2_atomic_transactions                                     L2 Transactions (Atomic requests)           0           0           0
          1                         sysmem_read_bytes                                              System Memory Read Bytes           0           0           0
          1                        sysmem_write_bytes                                             System Memory Write Bytes           0           0           0
          1                          gld_transactions                                              Global Load Transactions           2           2           2
          1              gld_transactions_per_request                                  Global Load Transactions Per Request    0.000054    0.000054    0.000054
          1                            l2_utilization                                                  L2 Cache Utilization     Low (1)     Low (1)     Low (1)
          1                          dram_utilization                                             Device Memory Utilization    High (9)    High (9)    High (9)
          1                             flop_count_hp                             Floating Point Operations(Half Precision)           0           0           0
          1                         flop_count_hp_add                         Floating Point Operations(Half Precision Add)           0           0           0
          1                         flop_count_hp_fma                         Floating Point Operations(Half Precision FMA)           0           0           0
          1                         flop_count_hp_mul                          Floating Point Operation(Half Precision Mul)           0           0           0
          1                        flop_hp_efficiency                                            FLOP Efficiency(Peak Half)       0.00%       0.00%       0.00%
          1                                inst_fp_16                                                 HP Instructions(Half)           0           0           0
          1             half_precision_fu_utilization                              Half-Precision Function Unit Utilization    Idle (0)    Idle (0)    Idle (0)
          1                  eligible_warps_per_cycle                                       Eligible Warps Per Active Cycle    0.532064    0.532064    0.532064
          1                        flop_sp_efficiency                                          FLOP Efficiency(Peak Single)       0.00%       0.00%       0.00%
          1                        flop_dp_efficiency                                          FLOP Efficiency(Peak Double)       0.00%       0.00%       0.00%
