==10142== NVPROF is profiling process 10142, command: ./v2.out
==10142== Warning: Unified Memory Profiling is not supported on the underlying platform. System requirements for unified memory can be found at: http://docs.nvidia.com/cuda/cuda-c-programming-guide/index.html#um-requirements
==10142== Profiling application: ./v2.out
==10142== Profiling result:
            Type  Time(%)      Time     Calls       Avg       Min       Max  Name
 GPU activities:   99.99%  35.990ms         1  35.990ms  35.990ms  35.990ms  GPU_minmax(unsigned int, unsigned int, unsigned char, unsigned char*)
                    0.01%  1.8760us         1  1.8760us  1.8760us  1.8760us  [CUDA memcpy DtoH]
                    0.00%     885ns         1     885ns     885ns     885ns  [CUDA memcpy HtoD]
      API calls:   89.47%  324.69ms         1  324.69ms  324.69ms  324.69ms  cudaMemcpyToSymbol
                    9.95%  36.093ms         1  36.093ms  36.093ms  36.093ms  cudaMemcpy
                    0.30%  1.0914ms         1  1.0914ms  1.0914ms  1.0914ms  cudaLaunchKernel
                    0.20%  718.59us         1  718.59us  718.59us  718.59us  cudaMalloc
                    0.06%  201.77us         1  201.77us  201.77us  201.77us  cudaFree
                    0.03%  100.93us        97  1.0400us     572ns  23.020us  cuDeviceGetAttribute
                    0.00%  8.0720us         1  8.0720us  8.0720us  8.0720us  cuDeviceTotalMem
                    0.00%  6.2490us         3  2.0830us  1.2500us  3.4370us  cuDeviceGetCount
                    0.00%  2.9690us         2  1.4840us     937ns  2.0320us  cuDeviceGet
                    0.00%  1.7180us         1  1.7180us  1.7180us  1.7180us  cudaPeekAtLastError
                    0.00%  1.6150us         1  1.6150us  1.6150us  1.6150us  cuDeviceGetName
                    0.00%     729ns         1     729ns     729ns     729ns  cuDeviceGetUuid
